[2023-12-01 18:41:03.944297 -05:00] [I] [T 131389]: init log
[2023-12-01 18:41:03.944326 -05:00] [I] [T 131389]: Version: 01.07.07.07
[2023-12-01 18:41:03.944338 -05:00] [I] [T 131389]: Agent: set_cert_dir_name, dir=/Applications/OrcaSlicer.app/Contents/Resources/cert, name=slicer_base64.cer
[2023-12-01 18:41:03.944417 -05:00] [I] [T 131389]: set_on_server_connected_fn
[2023-12-01 18:41:03.944418 -05:00] [I] [T 131389]: set_on_printer_connected_fn
[2023-12-01 18:41:03.944418 -05:00] [I] [T 131389]: set_get_country_code_fn
[2023-12-01 18:41:03.944419 -05:00] [I] [T 131389]: set_on_local_connect_fn
[2023-12-01 18:41:03.944430 -05:00] [I] [T 131389]: set_on_message_fn
[2023-12-01 18:41:03.944431 -05:00] [I] [T 131389]: set_on_local_message_fn
[2023-12-01 18:41:03.944431 -05:00] [I] [T 131389]: set_queue_on_main_fn
[2023-12-01 18:41:03.944646 -05:00] [I] [T 131389]: set host to https://api.bambulab.com/v1
[2023-12-01 18:41:03.944647 -05:00] [I] [T 131389]: region update iot = https://api.bambulab.com/v1
[2023-12-01 18:41:03.944647 -05:00] [I] [T 131389]: region update api = https://api.bambulab.com/
[2023-12-01 18:41:03.944647 -05:00] [I] [T 131389]: region update mqtt = ssl://us.mqtt.bambulab.com:8883
[2023-12-01 18:41:03.944647 -05:00] [I] [T 131389]: region update tutk = US
[2023-12-01 18:41:03.944648 -05:00] [I] [T 131389]: region update base domain = bambulab.com
[2023-12-01 18:41:03.944648 -05:00] [I] [T 131389]: region update environment = 
[2023-12-01 18:41:03.944648 -05:00] [I] [T 131389]: region update wifi_code = US
[2023-12-01 18:41:03.944648 -05:00] [I] [T 131389]: region update design = https://bambulab.com
[2023-12-01 18:41:03.944649 -05:00] [I] [T 131389]: Agent: load_config
[2023-12-01 18:41:03.945157 -05:00] [I] [T 131389]: load_user_info
[2023-12-01 18:41:03.945161 -05:00] [I] [T 131389]: save_user_info
[2023-12-01 18:41:03.945163 -05:00] [I] [T 131389]: Agent: save_config
[2023-12-01 18:41:06.531187 -05:00] [I] [T 131389]: set_on_http_error_fn
[2023-12-01 18:41:06.531194 -05:00] [I] [T 131389]: ssdp: stop()
[2023-12-01 18:41:06.531269 -05:00] [I] [T 131389]: Network Interface List: 2
[2023-12-01 18:41:06.565124 -05:00] [I] [T 131389]: connect_cloud_mqtt
[2023-12-01 18:41:06.565906 -05:00] [I] [T 131389]: connect_cloud_mqtt
[2023-12-01 18:41:06.565907 -05:00] [I] [T 131389]: mqtt_cli is exists!
[2023-12-01 18:41:06.565920 -05:00] [E] [T 131389]: bambu_network_connect_server , connect_server returned error:-1
[2023-12-01 18:41:06.955533 -05:00] [I] [T 131684]: cloud_conn_callback::on_success, Connection(mqtt) OK! cli id= slicer:244513175:7120
[2023-12-01 18:41:06.955570 -05:00] [I] [T 131684]: cloud_conn_callback::on_success, Connection(mqtt) OK! cli id= slicer:244513175:7120
[2023-12-01 18:41:06.955573 -05:00] [I] [T 131684]: cloud_conn_callback::connected!
[2023-12-01 18:41:06.955687 -05:00] [I] [T 131389]: set monitor machine = 
[2023-12-01 18:41:06.955690 -05:00] [I] [T 131389]: Agent: save_config
[2023-12-01 18:41:06.956030 -05:00] [I] [T 131389]: set monitor machine = 
[2023-12-01 18:41:06.956031 -05:00] [I] [T 131389]: Agent: save_config
[2023-12-01 18:41:06.956607 -05:00] [I] [T 131389]: set monitor machine = 
[2023-12-01 18:41:06.956609 -05:00] [I] [T 131389]: Agent: save_config
[2023-12-01 18:41:08.174541 -05:00] [I] [T 131452]: error = , body = {"message":"setting name conflict: My Generic PLA - Copy","code":12,"error":"IOT_ERROR_RESOURCE_CONFLICT","setting_id":"PF65603855175076706","update_time":null}, code = 409
[2023-12-01 18:41:30.769404 -05:00] [I] [T 131389]: Agent: save_config
