[2023-12-01 08:47:30.822341 -05:00] [I] [T 485911]: init log
[2023-12-01 08:47:30.822347 -05:00] [I] [T 485911]: Version: 01.07.07.07
[2023-12-01 08:47:30.822349 -05:00] [I] [T 485911]: Agent: set_cert_dir_name, dir=/Applications/OrcaSlicer.app/Contents/Resources/cert, name=slicer_base64.cer
[2023-12-01 08:47:30.822377 -05:00] [I] [T 485911]: set_on_server_connected_fn
[2023-12-01 08:47:30.822378 -05:00] [I] [T 485911]: set_on_printer_connected_fn
[2023-12-01 08:47:30.822378 -05:00] [I] [T 485911]: set_get_country_code_fn
[2023-12-01 08:47:30.822379 -05:00] [I] [T 485911]: set_on_local_connect_fn
[2023-12-01 08:47:30.822381 -05:00] [I] [T 485911]: set_on_message_fn
[2023-12-01 08:47:30.822381 -05:00] [I] [T 485911]: set_on_local_message_fn
[2023-12-01 08:47:30.822382 -05:00] [I] [T 485911]: set_queue_on_main_fn
[2023-12-01 08:47:30.822391 -05:00] [I] [T 485911]: set host to https://api.bambulab.com/v1
[2023-12-01 08:47:30.822392 -05:00] [I] [T 485911]: region update iot = https://api.bambulab.com/v1
[2023-12-01 08:47:30.822392 -05:00] [I] [T 485911]: region update api = https://api.bambulab.com/
[2023-12-01 08:47:30.822392 -05:00] [I] [T 485911]: region update mqtt = ssl://us.mqtt.bambulab.com:8883
[2023-12-01 08:47:30.822392 -05:00] [I] [T 485911]: region update tutk = US
[2023-12-01 08:47:30.822393 -05:00] [I] [T 485911]: region update base domain = bambulab.com
[2023-12-01 08:47:30.822393 -05:00] [I] [T 485911]: region update environment = 
[2023-12-01 08:47:30.822393 -05:00] [I] [T 485911]: region update wifi_code = US
[2023-12-01 08:47:30.822394 -05:00] [I] [T 485911]: region update design = https://bambulab.com
[2023-12-01 08:47:30.822394 -05:00] [I] [T 485911]: Agent: load_config
[2023-12-01 08:47:30.822484 -05:00] [I] [T 485911]: load_user_info
[2023-12-01 08:47:30.822488 -05:00] [I] [T 485911]: save_user_info
[2023-12-01 08:47:30.822490 -05:00] [I] [T 485911]: Agent: save_config
[2023-12-01 08:47:33.184875 -05:00] [I] [T 485911]: set_on_http_error_fn
[2023-12-01 08:47:33.184883 -05:00] [I] [T 485911]: ssdp: stop()
[2023-12-01 08:47:33.184944 -05:00] [I] [T 485911]: Network Interface List: 2
[2023-12-01 08:47:33.212695 -05:00] [I] [T 485911]: connect_cloud_mqtt
[2023-12-01 08:47:33.213131 -05:00] [I] [T 485911]: connect_cloud_mqtt
[2023-12-01 08:47:33.213132 -05:00] [I] [T 485911]: mqtt_cli is exists!
[2023-12-01 08:47:33.213134 -05:00] [E] [T 485911]: bambu_network_connect_server , connect_server returned error:-1
[2023-12-01 08:47:33.561937 -05:00] [I] [T 486308]: cloud_conn_callback::on_success, Connection(mqtt) OK! cli id= slicer:244513175:1abb
[2023-12-01 08:47:33.561969 -05:00] [I] [T 486308]: cloud_conn_callback::on_success, Connection(mqtt) OK! cli id= slicer:244513175:1abb
[2023-12-01 08:47:33.561974 -05:00] [I] [T 486308]: cloud_conn_callback::connected!
[2023-12-01 08:47:33.562023 -05:00] [I] [T 485911]: set monitor machine = 
[2023-12-01 08:47:33.562025 -05:00] [I] [T 485911]: Agent: save_config
[2023-12-01 08:47:33.562388 -05:00] [I] [T 485911]: set monitor machine = 
[2023-12-01 08:47:33.562389 -05:00] [I] [T 485911]: Agent: save_config
[2023-12-01 08:47:33.562869 -05:00] [I] [T 485911]: set monitor machine = 
[2023-12-01 08:47:33.562870 -05:00] [I] [T 485911]: Agent: save_config
[2023-12-01 08:47:34.871355 -05:00] [I] [T 485988]: error = , body = {"message":"setting name conflict: My Generic PLA - Copy","code":12,"error":"IOT_ERROR_RESOURCE_CONFLICT","setting_id":"PF65603855175076706","update_time":null}, code = 409
[2023-12-01 09:02:30.667279 -05:00] [I] [T 485911]: stop_subscribe, machine = , module = app
[2023-12-01 10:27:52.703910 -05:00] [I] [T 485911]: Agent: save_config
