[2023-11-28 14:06:14.775359 -05:00] [I] [T 451996]: init log
[2023-11-28 14:06:14.775389 -05:00] [I] [T 451996]: Version: 01.07.07.07
[2023-11-28 14:06:14.775401 -05:00] [I] [T 451996]: Agent: set_cert_dir_name, dir=/Applications/OrcaSlicer.app/Contents/Resources/cert, name=slicer_base64.cer
[2023-11-28 14:06:14.775479 -05:00] [I] [T 451996]: set_on_server_connected_fn
[2023-11-28 14:06:14.775480 -05:00] [I] [T 451996]: set_on_printer_connected_fn
[2023-11-28 14:06:14.775481 -05:00] [I] [T 451996]: set_get_country_code_fn
[2023-11-28 14:06:14.775481 -05:00] [I] [T 451996]: set_on_local_connect_fn
[2023-11-28 14:06:14.775493 -05:00] [I] [T 451996]: set_on_message_fn
[2023-11-28 14:06:14.775493 -05:00] [I] [T 451996]: set_on_local_message_fn
[2023-11-28 14:06:14.775494 -05:00] [I] [T 451996]: set_queue_on_main_fn
[2023-11-28 14:06:14.775697 -05:00] [I] [T 451996]: set host to https://api.bambulab.com/v1
[2023-11-28 14:06:14.775698 -05:00] [I] [T 451996]: region update iot = https://api.bambulab.com/v1
[2023-11-28 14:06:14.775698 -05:00] [I] [T 451996]: region update api = https://api.bambulab.com/
[2023-11-28 14:06:14.775699 -05:00] [I] [T 451996]: region update mqtt = ssl://us.mqtt.bambulab.com:8883
[2023-11-28 14:06:14.775699 -05:00] [I] [T 451996]: region update tutk = US
[2023-11-28 14:06:14.775699 -05:00] [I] [T 451996]: region update base domain = bambulab.com
[2023-11-28 14:06:14.775699 -05:00] [I] [T 451996]: region update environment = 
[2023-11-28 14:06:14.775700 -05:00] [I] [T 451996]: region update wifi_code = US
[2023-11-28 14:06:14.775700 -05:00] [I] [T 451996]: region update design = https://bambulab.com
[2023-11-28 14:06:14.775700 -05:00] [I] [T 451996]: Agent: load_config
[2023-11-28 14:06:14.776285 -05:00] [I] [T 451996]: load_user_info
[2023-11-28 14:06:14.776289 -05:00] [I] [T 451996]: save_user_info
[2023-11-28 14:06:14.776291 -05:00] [I] [T 451996]: Agent: save_config
[2023-11-28 14:06:17.327002 -05:00] [I] [T 451996]: set_on_http_error_fn
[2023-11-28 14:06:17.327008 -05:00] [I] [T 451996]: ssdp: stop()
[2023-11-28 14:06:17.327092 -05:00] [I] [T 451996]: Network Interface List: 2
[2023-11-28 14:06:17.353432 -05:00] [I] [T 451996]: connect_cloud_mqtt
[2023-11-28 14:06:17.354244 -05:00] [I] [T 451996]: connect_cloud_mqtt
[2023-11-28 14:06:17.354247 -05:00] [I] [T 451996]: mqtt_cli is exists!
[2023-11-28 14:06:17.354261 -05:00] [E] [T 451996]: bambu_network_connect_server , connect_server returned error:-1
[2023-11-28 14:06:17.669963 -05:00] [I] [T 452254]: cloud_conn_callback::on_success, Connection(mqtt) OK! cli id= slicer:244513175:82a0
[2023-11-28 14:06:17.669995 -05:00] [I] [T 452254]: cloud_conn_callback::on_success, Connection(mqtt) OK! cli id= slicer:244513175:82a0
[2023-11-28 14:06:17.669996 -05:00] [I] [T 452254]: cloud_conn_callback::connected!
[2023-11-28 14:06:17.670129 -05:00] [I] [T 451996]: set monitor machine = 
[2023-11-28 14:06:17.670130 -05:00] [I] [T 451996]: Agent: save_config
[2023-11-28 14:06:17.670354 -05:00] [I] [T 451996]: set monitor machine = 
[2023-11-28 14:06:17.670355 -05:00] [I] [T 451996]: Agent: save_config
[2023-11-28 14:06:17.670493 -05:00] [I] [T 451996]: set monitor machine = 
[2023-11-28 14:06:17.670494 -05:00] [I] [T 451996]: Agent: save_config
[2023-11-28 14:06:19.627286 -05:00] [I] [T 452063]: error = , body = {"message":"setting name conflict: My Generic PLA - Copy","code":12,"error":"IOT_ERROR_RESOURCE_CONFLICT","setting_id":"PF65603855175076706","update_time":null}, code = 409
[2023-11-28 14:21:14.557670 -05:00] [I] [T 451996]: stop_subscribe, machine = , module = app
[2023-11-28 14:48:08.890109 -05:00] [I] [T 451996]: Agent: save_config
