[2023-11-17 18:22:18.027209 -05:00] [I] [T 6134]: init log
[2023-11-17 18:22:18.027251 -05:00] [I] [T 6134]: Version: 01.07.07.07
[2023-11-17 18:22:18.027815 -05:00] [I] [T 6134]: Agent: set_cert_dir_name, dir=/Users/pato/Documents/GitHub/OrcaSlicer/build_arm64/OrcaSlicer/OrcaSlicer.app/Contents/Resources/cert, name=slicer_base64.cer
[2023-11-17 18:22:18.027971 -05:00] [I] [T 6134]: set_on_server_connected_fn
[2023-11-17 18:22:18.027974 -05:00] [I] [T 6134]: set_on_printer_connected_fn
[2023-11-17 18:22:18.027975 -05:00] [I] [T 6134]: set_get_country_code_fn
[2023-11-17 18:22:18.027977 -05:00] [I] [T 6134]: set_on_local_connect_fn
[2023-11-17 18:22:18.027979 -05:00] [I] [T 6134]: set_on_message_fn
[2023-11-17 18:22:18.027980 -05:00] [I] [T 6134]: set_on_local_message_fn
[2023-11-17 18:22:18.027982 -05:00] [I] [T 6134]: set_queue_on_main_fn
[2023-11-17 18:22:18.028026 -05:00] [I] [T 6134]: set host to https://api.bambulab.com/v1
[2023-11-17 18:22:18.028027 -05:00] [I] [T 6134]: region update iot = https://api.bambulab.com/v1
[2023-11-17 18:22:18.028028 -05:00] [I] [T 6134]: region update api = https://api.bambulab.com/
[2023-11-17 18:22:18.028029 -05:00] [I] [T 6134]: region update mqtt = ssl://us.mqtt.bambulab.com:8883
[2023-11-17 18:22:18.028029 -05:00] [I] [T 6134]: region update tutk = US
[2023-11-17 18:22:18.028030 -05:00] [I] [T 6134]: region update base domain = bambulab.com
[2023-11-17 18:22:18.028030 -05:00] [I] [T 6134]: region update environment = 
[2023-11-17 18:22:18.028031 -05:00] [I] [T 6134]: region update wifi_code = US
[2023-11-17 18:22:18.028032 -05:00] [I] [T 6134]: region update design = https://bambulab.com
[2023-11-17 18:22:18.028032 -05:00] [I] [T 6134]: Agent: load_config
[2023-11-17 18:22:18.028580 -05:00] [I] [T 6134]: load_user_info
[2023-11-17 18:22:18.028591 -05:00] [I] [T 6134]: save_user_info
[2023-11-17 18:22:18.028595 -05:00] [I] [T 6134]: Agent: save_config
[2023-11-17 18:22:23.023686 -05:00] [I] [T 8073]: error = , body = {"message":"setting name conflict: My Generic PLA - Copy","code":12,"error":"IOT_ERROR_RESOURCE_CONFLICT","setting_id":"PF65603855175076706","update_time":null}, code = 409
[2023-11-17 18:22:30.153512 -05:00] [I] [T 6134]: set_on_http_error_fn
[2023-11-17 18:22:30.153520 -05:00] [I] [T 6134]: ssdp: stop()
[2023-11-17 18:22:30.153592 -05:00] [I] [T 6134]: Network Interface List: 2
[2023-11-17 18:22:30.189832 -05:00] [I] [T 6134]: connect_cloud_mqtt
[2023-11-17 18:22:30.190417 -05:00] [I] [T 6134]: connect_cloud_mqtt
[2023-11-17 18:22:30.190418 -05:00] [I] [T 6134]: mqtt_cli is exists!
[2023-11-17 18:22:30.190431 -05:00] [E] [T 6134]: bambu_network_connect_server , connect_server returned error:-1
[2023-11-17 18:22:30.622500 -05:00] [I] [T 10916]: cloud_conn_callback::on_success, Connection(mqtt) OK! cli id= slicer:244513175:b6be
[2023-11-17 18:22:30.622567 -05:00] [I] [T 10916]: cloud_conn_callback::on_success, Connection(mqtt) OK! cli id= slicer:244513175:b6be
[2023-11-17 18:22:30.622594 -05:00] [I] [T 10916]: cloud_conn_callback::connected!
[2023-11-17 18:22:30.622678 -05:00] [I] [T 6134]: set monitor machine = 
[2023-11-17 18:22:30.622682 -05:00] [I] [T 6134]: Agent: save_config
[2023-11-17 18:22:30.622923 -05:00] [I] [T 6134]: set monitor machine = 
[2023-11-17 18:22:30.622923 -05:00] [I] [T 6134]: Agent: save_config
[2023-11-17 18:22:30.623082 -05:00] [I] [T 6134]: set monitor machine = 
[2023-11-17 18:22:30.623086 -05:00] [I] [T 6134]: Agent: save_config
[2023-11-17 18:37:17.688088 -05:00] [I] [T 6134]: stop_subscribe, machine = , module = app
[2023-11-17 19:05:33.809147 -05:00] [I] [T 6134]: Agent: save_config
