[2023-11-17 13:51:42.970623 -05:00] [I] [T 83105]: init log
[2023-11-17 13:51:42.970630 -05:00] [I] [T 83105]: Version: 01.07.07.07
[2023-11-17 13:51:42.970633 -05:00] [I] [T 83105]: Agent: set_cert_dir_name, dir=/Applications/OrcaSlicer.app/Contents/Resources/cert, name=slicer_base64.cer
[2023-11-17 13:51:42.970678 -05:00] [I] [T 83105]: set_on_server_connected_fn
[2023-11-17 13:51:42.970679 -05:00] [I] [T 83105]: set_on_printer_connected_fn
[2023-11-17 13:51:42.970680 -05:00] [I] [T 83105]: set_get_country_code_fn
[2023-11-17 13:51:42.970681 -05:00] [I] [T 83105]: set_on_local_connect_fn
[2023-11-17 13:51:42.970692 -05:00] [I] [T 83105]: set_on_message_fn
[2023-11-17 13:51:42.970692 -05:00] [I] [T 83105]: set_on_local_message_fn
[2023-11-17 13:51:42.970693 -05:00] [I] [T 83105]: set_queue_on_main_fn
[2023-11-17 13:51:42.970699 -05:00] [I] [T 83105]: set host to https://api.bambulab.com/v1
[2023-11-17 13:51:42.970699 -05:00] [I] [T 83105]: region update iot = https://api.bambulab.com/v1
[2023-11-17 13:51:42.970699 -05:00] [I] [T 83105]: region update api = https://api.bambulab.com/
[2023-11-17 13:51:42.970700 -05:00] [I] [T 83105]: region update mqtt = ssl://us.mqtt.bambulab.com:8883
[2023-11-17 13:51:42.970700 -05:00] [I] [T 83105]: region update tutk = US
[2023-11-17 13:51:42.970700 -05:00] [I] [T 83105]: region update base domain = bambulab.com
[2023-11-17 13:51:42.970700 -05:00] [I] [T 83105]: region update environment = 
[2023-11-17 13:51:42.970701 -05:00] [I] [T 83105]: region update wifi_code = US
[2023-11-17 13:51:42.970701 -05:00] [I] [T 83105]: region update design = https://bambulab.com
[2023-11-17 13:51:42.970701 -05:00] [I] [T 83105]: Agent: load_config
[2023-11-17 13:51:42.970757 -05:00] [I] [T 83105]: load_user_info
[2023-11-17 13:51:42.970761 -05:00] [I] [T 83105]: save_user_info
[2023-11-17 13:51:42.970763 -05:00] [I] [T 83105]: Agent: save_config
[2023-11-17 13:51:45.476354 -05:00] [I] [T 83105]: set_on_http_error_fn
[2023-11-17 13:51:45.476360 -05:00] [I] [T 83105]: ssdp: stop()
[2023-11-17 13:51:45.476425 -05:00] [I] [T 83105]: Network Interface List: 2
[2023-11-17 13:51:45.511405 -05:00] [I] [T 83105]: connect_cloud_mqtt
[2023-11-17 13:51:45.511833 -05:00] [I] [T 83105]: connect_cloud_mqtt
[2023-11-17 13:51:45.511834 -05:00] [I] [T 83105]: mqtt_cli is exists!
[2023-11-17 13:51:45.511838 -05:00] [E] [T 83105]: bambu_network_connect_server , connect_server returned error:-1
[2023-11-17 13:51:45.857882 -05:00] [I] [T 83524]: cloud_conn_callback::on_success, Connection(mqtt) OK! cli id= slicer:244513175:cbe9
[2023-11-17 13:51:45.858047 -05:00] [I] [T 83524]: cloud_conn_callback::on_success, Connection(mqtt) OK! cli id= slicer:244513175:cbe9
[2023-11-17 13:51:45.858080 -05:00] [I] [T 83524]: cloud_conn_callback::connected!
[2023-11-17 13:51:45.858266 -05:00] [I] [T 83105]: set monitor machine = 
[2023-11-17 13:51:45.858280 -05:00] [I] [T 83105]: Agent: save_config
[2023-11-17 13:51:45.859625 -05:00] [I] [T 83105]: set monitor machine = 
[2023-11-17 13:51:45.859630 -05:00] [I] [T 83105]: Agent: save_config
[2023-11-17 13:51:45.860540 -05:00] [I] [T 83105]: set monitor machine = 
[2023-11-17 13:51:45.860544 -05:00] [I] [T 83105]: Agent: save_config
[2023-11-17 13:51:47.172162 -05:00] [I] [T 83236]: error = , body = {"message":"setting name conflict: My Generic PLA - Copy","code":12,"error":"IOT_ERROR_RESOURCE_CONFLICT","setting_id":"PF65603855175076706","update_time":null}, code = 409
[2023-11-17 13:52:58.423954 -05:00] [I] [T 83105]: Agent: save_config
[2023-11-17 13:52:58.622080 -05:00] [I] [T 83520]: select error, ret=-1
