[2023-12-01 17:46:19.034891 -05:00] [I] [T 92863]: init log
[2023-12-01 17:46:19.034916 -05:00] [I] [T 92863]: Version: 01.07.07.07
[2023-12-01 17:46:19.034929 -05:00] [I] [T 92863]: Agent: set_cert_dir_name, dir=/Applications/OrcaSlicer.app/Contents/Resources/cert, name=slicer_base64.cer
[2023-12-01 17:46:19.034985 -05:00] [I] [T 92863]: set_on_server_connected_fn
[2023-12-01 17:46:19.034986 -05:00] [I] [T 92863]: set_on_printer_connected_fn
[2023-12-01 17:46:19.034987 -05:00] [I] [T 92863]: set_get_country_code_fn
[2023-12-01 17:46:19.034987 -05:00] [I] [T 92863]: set_on_local_connect_fn
[2023-12-01 17:46:19.034989 -05:00] [I] [T 92863]: set_on_message_fn
[2023-12-01 17:46:19.034989 -05:00] [I] [T 92863]: set_on_local_message_fn
[2023-12-01 17:46:19.034990 -05:00] [I] [T 92863]: set_queue_on_main_fn
[2023-12-01 17:46:19.035138 -05:00] [I] [T 92863]: set host to https://api.bambulab.com/v1
[2023-12-01 17:46:19.035139 -05:00] [I] [T 92863]: region update iot = https://api.bambulab.com/v1
[2023-12-01 17:46:19.035139 -05:00] [I] [T 92863]: region update api = https://api.bambulab.com/
[2023-12-01 17:46:19.035139 -05:00] [I] [T 92863]: region update mqtt = ssl://us.mqtt.bambulab.com:8883
[2023-12-01 17:46:19.035140 -05:00] [I] [T 92863]: region update tutk = US
[2023-12-01 17:46:19.035140 -05:00] [I] [T 92863]: region update base domain = bambulab.com
[2023-12-01 17:46:19.035140 -05:00] [I] [T 92863]: region update environment = 
[2023-12-01 17:46:19.035140 -05:00] [I] [T 92863]: region update wifi_code = US
[2023-12-01 17:46:19.035141 -05:00] [I] [T 92863]: region update design = https://bambulab.com
[2023-12-01 17:46:19.035141 -05:00] [I] [T 92863]: Agent: load_config
[2023-12-01 17:46:19.035774 -05:00] [I] [T 92863]: load_user_info
[2023-12-01 17:46:19.035780 -05:00] [I] [T 92863]: save_user_info
[2023-12-01 17:46:19.035782 -05:00] [I] [T 92863]: Agent: save_config
[2023-12-01 17:46:21.849459 -05:00] [I] [T 92863]: set_on_http_error_fn
[2023-12-01 17:46:21.849467 -05:00] [I] [T 92863]: ssdp: stop()
[2023-12-01 17:46:21.849546 -05:00] [I] [T 92863]: Network Interface List: 2
[2023-12-01 17:46:21.882057 -05:00] [I] [T 92863]: connect_cloud_mqtt
[2023-12-01 17:46:21.882799 -05:00] [I] [T 92863]: connect_cloud_mqtt
[2023-12-01 17:46:21.882800 -05:00] [I] [T 92863]: mqtt_cli is exists!
[2023-12-01 17:46:21.882816 -05:00] [E] [T 92863]: bambu_network_connect_server , connect_server returned error:-1
[2023-12-01 17:46:22.286299 -05:00] [I] [T 93259]: cloud_conn_callback::on_success, Connection(mqtt) OK! cli id= slicer:244513175:042d
[2023-12-01 17:46:22.286341 -05:00] [I] [T 93259]: cloud_conn_callback::on_success, Connection(mqtt) OK! cli id= slicer:244513175:042d
[2023-12-01 17:46:22.286345 -05:00] [I] [T 93259]: cloud_conn_callback::connected!
[2023-12-01 17:46:22.286420 -05:00] [I] [T 92863]: set monitor machine = 
[2023-12-01 17:46:22.286423 -05:00] [I] [T 92863]: Agent: save_config
[2023-12-01 17:46:22.286793 -05:00] [I] [T 92863]: set monitor machine = 
[2023-12-01 17:46:22.286795 -05:00] [I] [T 92863]: Agent: save_config
[2023-12-01 17:46:22.287544 -05:00] [I] [T 92863]: set monitor machine = 
[2023-12-01 17:46:22.287546 -05:00] [I] [T 92863]: Agent: save_config
[2023-12-01 17:46:23.377400 -05:00] [I] [T 92935]: error = , body = {"message":"setting name conflict: My Generic PLA - Copy","code":12,"error":"IOT_ERROR_RESOURCE_CONFLICT","setting_id":"PF65603855175076706","update_time":null}, code = 409
[2023-12-01 17:48:01.487120 -05:00] [I] [T 92863]: Agent: save_config
