[2023-11-26 08:04:24.901607 -05:00] [I] [T 201252]: init log
[2023-11-26 08:04:24.901615 -05:00] [I] [T 201252]: Version: 01.07.07.07
[2023-11-26 08:04:24.901617 -05:00] [I] [T 201252]: Agent: set_cert_dir_name, dir=/Applications/OrcaSlicer.app/Contents/Resources/cert, name=slicer_base64.cer
[2023-11-26 08:04:24.901641 -05:00] [I] [T 201252]: set_on_server_connected_fn
[2023-11-26 08:04:24.901642 -05:00] [I] [T 201252]: set_on_printer_connected_fn
[2023-11-26 08:04:24.901643 -05:00] [I] [T 201252]: set_get_country_code_fn
[2023-11-26 08:04:24.901643 -05:00] [I] [T 201252]: set_on_local_connect_fn
[2023-11-26 08:04:24.901645 -05:00] [I] [T 201252]: set_on_message_fn
[2023-11-26 08:04:24.901646 -05:00] [I] [T 201252]: set_on_local_message_fn
[2023-11-26 08:04:24.901646 -05:00] [I] [T 201252]: set_queue_on_main_fn
[2023-11-26 08:04:24.901652 -05:00] [I] [T 201252]: set host to https://api.bambulab.com/v1
[2023-11-26 08:04:24.901653 -05:00] [I] [T 201252]: region update iot = https://api.bambulab.com/v1
[2023-11-26 08:04:24.901653 -05:00] [I] [T 201252]: region update api = https://api.bambulab.com/
[2023-11-26 08:04:24.901653 -05:00] [I] [T 201252]: region update mqtt = ssl://us.mqtt.bambulab.com:8883
[2023-11-26 08:04:24.901654 -05:00] [I] [T 201252]: region update tutk = US
[2023-11-26 08:04:24.901654 -05:00] [I] [T 201252]: region update base domain = bambulab.com
[2023-11-26 08:04:24.901654 -05:00] [I] [T 201252]: region update environment = 
[2023-11-26 08:04:24.901654 -05:00] [I] [T 201252]: region update wifi_code = US
[2023-11-26 08:04:24.901654 -05:00] [I] [T 201252]: region update design = https://bambulab.com
[2023-11-26 08:04:24.901655 -05:00] [I] [T 201252]: Agent: load_config
[2023-11-26 08:04:24.901711 -05:00] [I] [T 201252]: load_user_info
[2023-11-26 08:04:24.901715 -05:00] [I] [T 201252]: save_user_info
[2023-11-26 08:04:24.901717 -05:00] [I] [T 201252]: Agent: save_config
[2023-11-26 08:04:27.299885 -05:00] [I] [T 201252]: set_on_http_error_fn
[2023-11-26 08:04:27.299891 -05:00] [I] [T 201252]: ssdp: stop()
[2023-11-26 08:04:27.299952 -05:00] [I] [T 201252]: Network Interface List: 2
[2023-11-26 08:04:27.332465 -05:00] [I] [T 201252]: connect_cloud_mqtt
[2023-11-26 08:04:27.332910 -05:00] [I] [T 201252]: connect_cloud_mqtt
[2023-11-26 08:04:27.332911 -05:00] [I] [T 201252]: mqtt_cli is exists!
[2023-11-26 08:04:27.332915 -05:00] [E] [T 201252]: bambu_network_connect_server , connect_server returned error:-1
[2023-11-26 08:04:27.717792 -05:00] [I] [T 201676]: cloud_conn_callback::on_success, Connection(mqtt) OK! cli id= slicer:244513175:ff7c
[2023-11-26 08:04:27.717826 -05:00] [I] [T 201676]: cloud_conn_callback::on_success, Connection(mqtt) OK! cli id= slicer:244513175:ff7c
[2023-11-26 08:04:27.717829 -05:00] [I] [T 201676]: cloud_conn_callback::connected!
[2023-11-26 08:04:27.717878 -05:00] [I] [T 201252]: set monitor machine = 
[2023-11-26 08:04:27.717881 -05:00] [I] [T 201252]: Agent: save_config
[2023-11-26 08:04:27.718228 -05:00] [I] [T 201252]: set monitor machine = 
[2023-11-26 08:04:27.718229 -05:00] [I] [T 201252]: Agent: save_config
[2023-11-26 08:04:27.718791 -05:00] [I] [T 201252]: set monitor machine = 
[2023-11-26 08:04:27.718792 -05:00] [I] [T 201252]: Agent: save_config
[2023-11-26 08:04:29.359554 -05:00] [I] [T 201365]: error = , body = {"message":"setting name conflict: My Generic PLA - Copy","code":12,"error":"IOT_ERROR_RESOURCE_CONFLICT","setting_id":"PF65603855175076706","update_time":null}, code = 409
[2023-11-26 08:19:24.728622 -05:00] [I] [T 201252]: stop_subscribe, machine = , module = app
[2023-11-26 08:33:36.649969 -05:00] [I] [T 201365]: put setting success!
[2023-11-26 08:49:38.716311 -05:00] [I] [T 201365]: put setting success!
[2023-11-26 08:50:16.621249 -05:00] [I] [T 201365]: put setting success!
[2023-11-26 08:52:47.653609 -05:00] [I] [T 201365]: put setting success!
[2023-11-26 10:16:13.821435 -05:00] [I] [T 201365]: put setting success!
[2023-11-26 10:16:59.660744 -05:00] [I] [T 201365]: put setting success!
[2023-11-26 10:55:16.256836 -05:00] [I] [T 201252]: Agent: save_config
