[2023-11-17 16:29:43.596350 -05:00] [I] [T 183173]: init log
[2023-11-17 16:29:43.596376 -05:00] [I] [T 183173]: Version: 01.07.07.07
[2023-11-17 16:29:43.596389 -05:00] [I] [T 183173]: Agent: set_cert_dir_name, dir=/Users/pato/Documents/GitHub/OrcaSlicer/build_arm64/OrcaSlicer/OrcaSlicer.app/Contents/Resources/cert, name=slicer_base64.cer
[2023-11-17 16:29:43.596465 -05:00] [I] [T 183173]: set_on_server_connected_fn
[2023-11-17 16:29:43.596466 -05:00] [I] [T 183173]: set_on_printer_connected_fn
[2023-11-17 16:29:43.596467 -05:00] [I] [T 183173]: set_get_country_code_fn
[2023-11-17 16:29:43.596468 -05:00] [I] [T 183173]: set_on_local_connect_fn
[2023-11-17 16:29:43.596468 -05:00] [I] [T 183173]: set_on_message_fn
[2023-11-17 16:29:43.596469 -05:00] [I] [T 183173]: set_on_local_message_fn
[2023-11-17 16:29:43.596469 -05:00] [I] [T 183173]: set_queue_on_main_fn
[2023-11-17 16:29:43.596494 -05:00] [I] [T 183173]: set host to https://api.bambulab.com/v1
[2023-11-17 16:29:43.596495 -05:00] [I] [T 183173]: region update iot = https://api.bambulab.com/v1
[2023-11-17 16:29:43.596495 -05:00] [I] [T 183173]: region update api = https://api.bambulab.com/
[2023-11-17 16:29:43.596495 -05:00] [I] [T 183173]: region update mqtt = ssl://us.mqtt.bambulab.com:8883
[2023-11-17 16:29:43.596496 -05:00] [I] [T 183173]: region update tutk = US
[2023-11-17 16:29:43.596496 -05:00] [I] [T 183173]: region update base domain = bambulab.com
[2023-11-17 16:29:43.596496 -05:00] [I] [T 183173]: region update environment = 
[2023-11-17 16:29:43.596496 -05:00] [I] [T 183173]: region update wifi_code = US
[2023-11-17 16:29:43.596497 -05:00] [I] [T 183173]: region update design = https://bambulab.com
[2023-11-17 16:29:43.596497 -05:00] [I] [T 183173]: Agent: load_config
[2023-11-17 16:29:43.596752 -05:00] [I] [T 183173]: load_user_info
[2023-11-17 16:29:43.596762 -05:00] [I] [T 183173]: save_user_info
[2023-11-17 16:29:43.596764 -05:00] [I] [T 183173]: Agent: save_config
[2023-11-17 16:29:46.415225 -05:00] [I] [T 183173]: set_on_http_error_fn
[2023-11-17 16:29:46.415233 -05:00] [I] [T 183173]: ssdp: stop()
[2023-11-17 16:29:46.415326 -05:00] [I] [T 183173]: Network Interface List: 2
[2023-11-17 16:29:46.449871 -05:00] [I] [T 183173]: connect_cloud_mqtt
[2023-11-17 16:29:46.450434 -05:00] [I] [T 183173]: connect_cloud_mqtt
[2023-11-17 16:29:46.450435 -05:00] [I] [T 183173]: mqtt_cli is exists!
[2023-11-17 16:29:46.450449 -05:00] [E] [T 183173]: bambu_network_connect_server , connect_server returned error:-1
[2023-11-17 16:29:46.781471 -05:00] [I] [T 183588]: cloud_conn_callback::on_success, Connection(mqtt) OK! cli id= slicer:244513175:03c1
[2023-11-17 16:29:46.781520 -05:00] [I] [T 183588]: cloud_conn_callback::on_success, Connection(mqtt) OK! cli id= slicer:244513175:03c1
[2023-11-17 16:29:46.781527 -05:00] [I] [T 183588]: cloud_conn_callback::connected!
[2023-11-17 16:29:46.781645 -05:00] [I] [T 183173]: set monitor machine = 
[2023-11-17 16:29:46.781649 -05:00] [I] [T 183173]: Agent: save_config
[2023-11-17 16:29:46.782227 -05:00] [I] [T 183173]: set monitor machine = 
[2023-11-17 16:29:46.782229 -05:00] [I] [T 183173]: Agent: save_config
[2023-11-17 16:29:46.783035 -05:00] [I] [T 183173]: set monitor machine = 
[2023-11-17 16:29:46.783038 -05:00] [I] [T 183173]: Agent: save_config
[2023-11-17 16:29:47.900604 -05:00] [I] [T 183339]: error = , body = {"message":"setting name conflict: My Generic PLA - Copy","code":12,"error":"IOT_ERROR_RESOURCE_CONFLICT","setting_id":"PF65603855175076706","update_time":null}, code = 409
[2023-11-17 16:44:43.158189 -05:00] [I] [T 183173]: stop_subscribe, machine = , module = app
[2023-11-17 18:21:08.283032 -05:00] [I] [T 183173]: Agent: save_config
