[2023-11-17 21:01:21.803724 -05:00] [I] [T 126485]: init log
[2023-11-17 21:01:21.803732 -05:00] [I] [T 126485]: Version: 01.07.07.07
[2023-11-17 21:01:21.803735 -05:00] [I] [T 126485]: Agent: set_cert_dir_name, dir=/Users/pato/Documents/GitHub/OrcaSlicer/build_arm64/OrcaSlicer/OrcaSlicer.app/Contents/Resources/cert, name=slicer_base64.cer
[2023-11-17 21:01:21.803762 -05:00] [I] [T 126485]: set_on_server_connected_fn
[2023-11-17 21:01:21.803763 -05:00] [I] [T 126485]: set_on_printer_connected_fn
[2023-11-17 21:01:21.803764 -05:00] [I] [T 126485]: set_get_country_code_fn
[2023-11-17 21:01:21.803765 -05:00] [I] [T 126485]: set_on_local_connect_fn
[2023-11-17 21:01:21.803766 -05:00] [I] [T 126485]: set_on_message_fn
[2023-11-17 21:01:21.803766 -05:00] [I] [T 126485]: set_on_local_message_fn
[2023-11-17 21:01:21.803767 -05:00] [I] [T 126485]: set_queue_on_main_fn
[2023-11-17 21:01:21.803773 -05:00] [I] [T 126485]: set host to https://api.bambulab.com/v1
[2023-11-17 21:01:21.803774 -05:00] [I] [T 126485]: region update iot = https://api.bambulab.com/v1
[2023-11-17 21:01:21.803774 -05:00] [I] [T 126485]: region update api = https://api.bambulab.com/
[2023-11-17 21:01:21.803774 -05:00] [I] [T 126485]: region update mqtt = ssl://us.mqtt.bambulab.com:8883
[2023-11-17 21:01:21.803774 -05:00] [I] [T 126485]: region update tutk = US
[2023-11-17 21:01:21.803775 -05:00] [I] [T 126485]: region update base domain = bambulab.com
[2023-11-17 21:01:21.803775 -05:00] [I] [T 126485]: region update environment = 
[2023-11-17 21:01:21.803775 -05:00] [I] [T 126485]: region update wifi_code = US
[2023-11-17 21:01:21.803775 -05:00] [I] [T 126485]: region update design = https://bambulab.com
[2023-11-17 21:01:21.803776 -05:00] [I] [T 126485]: Agent: load_config
[2023-11-17 21:01:21.803854 -05:00] [I] [T 126485]: load_user_info
[2023-11-17 21:01:21.803860 -05:00] [I] [T 126485]: save_user_info
[2023-11-17 21:01:21.803862 -05:00] [I] [T 126485]: Agent: save_config
[2023-11-17 21:01:24.407534 -05:00] [I] [T 126485]: set_on_http_error_fn
[2023-11-17 21:01:24.407539 -05:00] [I] [T 126485]: ssdp: stop()
[2023-11-17 21:01:24.407603 -05:00] [I] [T 126485]: Network Interface List: 2
[2023-11-17 21:01:24.440876 -05:00] [I] [T 126485]: connect_cloud_mqtt
[2023-11-17 21:01:24.441355 -05:00] [I] [T 126485]: connect_cloud_mqtt
[2023-11-17 21:01:24.441357 -05:00] [I] [T 126485]: mqtt_cli is exists!
[2023-11-17 21:01:24.441361 -05:00] [E] [T 126485]: bambu_network_connect_server , connect_server returned error:-1
[2023-11-17 21:01:24.757846 -05:00] [I] [T 126741]: cloud_conn_callback::on_success, Connection(mqtt) OK! cli id= slicer:244513175:8182
[2023-11-17 21:01:24.757880 -05:00] [I] [T 126741]: cloud_conn_callback::on_success, Connection(mqtt) OK! cli id= slicer:244513175:8182
[2023-11-17 21:01:24.757887 -05:00] [I] [T 126741]: cloud_conn_callback::connected!
[2023-11-17 21:01:24.757959 -05:00] [I] [T 126485]: set monitor machine = 
[2023-11-17 21:01:24.757961 -05:00] [I] [T 126485]: Agent: save_config
[2023-11-17 21:01:24.758279 -05:00] [I] [T 126485]: set monitor machine = 
[2023-11-17 21:01:24.758280 -05:00] [I] [T 126485]: Agent: save_config
[2023-11-17 21:01:24.758374 -05:00] [I] [T 126485]: set monitor machine = 
[2023-11-17 21:01:24.758374 -05:00] [I] [T 126485]: Agent: save_config
[2023-11-17 21:01:26.028841 -05:00] [I] [T 126548]: error = , body = {"message":"setting name conflict: My Generic PLA - Copy","code":12,"error":"IOT_ERROR_RESOURCE_CONFLICT","setting_id":"PF65603855175076706","update_time":null}, code = 409
[2023-11-17 21:16:21.643833 -05:00] [I] [T 126485]: stop_subscribe, machine = , module = app
[2023-11-17 21:31:24.333749 -05:00] [I] [T 126548]: request setting id, body={"message":"success","code":null,"error":null,"setting_id":"PPUSbe85067409a29a","update_time":"2023-11-18 10:31:24"}
[2023-11-17 21:31:44.375618 -05:00] [I] [T 126548]: del setting success!
[2023-11-17 22:41:32.556555 -05:00] [I] [T 126548]: put setting success!
[2023-11-17 23:04:50.115741 -05:00] [I] [T 126485]: Agent: save_config
