[2023-11-19 05:34:36.513268 -05:00] [I] [T 13216]: init log
[2023-11-19 05:34:36.513296 -05:00] [I] [T 13216]: Version: 01.07.07.07
[2023-11-19 05:34:36.513308 -05:00] [I] [T 13216]: Agent: set_cert_dir_name, dir=/Applications/OrcaSlicer.app/Contents/Resources/cert, name=slicer_base64.cer
[2023-11-19 05:34:36.513389 -05:00] [I] [T 13216]: set_on_server_connected_fn
[2023-11-19 05:34:36.513389 -05:00] [I] [T 13216]: set_on_printer_connected_fn
[2023-11-19 05:34:36.513390 -05:00] [I] [T 13216]: set_get_country_code_fn
[2023-11-19 05:34:36.513390 -05:00] [I] [T 13216]: set_on_local_connect_fn
[2023-11-19 05:34:36.513402 -05:00] [I] [T 13216]: set_on_message_fn
[2023-11-19 05:34:36.513402 -05:00] [I] [T 13216]: set_on_local_message_fn
[2023-11-19 05:34:36.513403 -05:00] [I] [T 13216]: set_queue_on_main_fn
[2023-11-19 05:34:36.513641 -05:00] [I] [T 13216]: set host to https://api.bambulab.com/v1
[2023-11-19 05:34:36.513643 -05:00] [I] [T 13216]: region update iot = https://api.bambulab.com/v1
[2023-11-19 05:34:36.513644 -05:00] [I] [T 13216]: region update api = https://api.bambulab.com/
[2023-11-19 05:34:36.513644 -05:00] [I] [T 13216]: region update mqtt = ssl://us.mqtt.bambulab.com:8883
[2023-11-19 05:34:36.513644 -05:00] [I] [T 13216]: region update tutk = US
[2023-11-19 05:34:36.513644 -05:00] [I] [T 13216]: region update base domain = bambulab.com
[2023-11-19 05:34:36.513645 -05:00] [I] [T 13216]: region update environment = 
[2023-11-19 05:34:36.513645 -05:00] [I] [T 13216]: region update wifi_code = US
[2023-11-19 05:34:36.513645 -05:00] [I] [T 13216]: region update design = https://bambulab.com
[2023-11-19 05:34:36.513646 -05:00] [I] [T 13216]: Agent: load_config
[2023-11-19 05:34:36.514290 -05:00] [I] [T 13216]: load_user_info
[2023-11-19 05:34:36.514294 -05:00] [I] [T 13216]: save_user_info
[2023-11-19 05:34:36.514296 -05:00] [I] [T 13216]: Agent: save_config
[2023-11-19 05:34:39.485635 -05:00] [I] [T 13216]: set_on_http_error_fn
[2023-11-19 05:34:39.485644 -05:00] [I] [T 13216]: ssdp: stop()
[2023-11-19 05:34:39.485719 -05:00] [I] [T 13216]: Network Interface List: 2
[2023-11-19 05:34:39.521114 -05:00] [I] [T 13216]: connect_cloud_mqtt
[2023-11-19 05:34:39.521918 -05:00] [I] [T 13216]: connect_cloud_mqtt
[2023-11-19 05:34:39.521920 -05:00] [I] [T 13216]: mqtt_cli is exists!
[2023-11-19 05:34:39.521935 -05:00] [E] [T 13216]: bambu_network_connect_server , connect_server returned error:-1
[2023-11-19 05:34:39.962134 -05:00] [I] [T 13561]: cloud_conn_callback::on_success, Connection(mqtt) OK! cli id= slicer:244513175:4708
[2023-11-19 05:34:39.962239 -05:00] [I] [T 13561]: cloud_conn_callback::on_success, Connection(mqtt) OK! cli id= slicer:244513175:4708
[2023-11-19 05:34:39.962246 -05:00] [I] [T 13561]: cloud_conn_callback::connected!
[2023-11-19 05:34:39.962403 -05:00] [I] [T 13216]: set monitor machine = 
[2023-11-19 05:34:39.962406 -05:00] [I] [T 13216]: Agent: save_config
[2023-11-19 05:34:39.963038 -05:00] [I] [T 13216]: set monitor machine = 
[2023-11-19 05:34:39.963040 -05:00] [I] [T 13216]: Agent: save_config
[2023-11-19 05:34:39.963310 -05:00] [I] [T 13216]: set monitor machine = 
[2023-11-19 05:34:39.963312 -05:00] [I] [T 13216]: Agent: save_config
[2023-11-19 05:34:41.380732 -05:00] [I] [T 13309]: error = , body = {"message":"setting name conflict: My Generic PLA - Copy","code":12,"error":"IOT_ERROR_RESOURCE_CONFLICT","setting_id":"PF65603855175076706","update_time":null}, code = 409
[2023-11-19 05:34:51.160412 -05:00] [I] [T 13216]: Agent: save_config
