[2023-12-01 17:26:02.392610 -05:00] [I] [T 75119]: init log
[2023-12-01 17:26:02.392618 -05:00] [I] [T 75119]: Version: 01.07.07.07
[2023-12-01 17:26:02.392620 -05:00] [I] [T 75119]: Agent: set_cert_dir_name, dir=/Applications/OrcaSlicer.app/Contents/Resources/cert, name=slicer_base64.cer
[2023-12-01 17:26:02.392645 -05:00] [I] [T 75119]: set_on_server_connected_fn
[2023-12-01 17:26:02.392646 -05:00] [I] [T 75119]: set_on_printer_connected_fn
[2023-12-01 17:26:02.392647 -05:00] [I] [T 75119]: set_get_country_code_fn
[2023-12-01 17:26:02.392648 -05:00] [I] [T 75119]: set_on_local_connect_fn
[2023-12-01 17:26:02.392650 -05:00] [I] [T 75119]: set_on_message_fn
[2023-12-01 17:26:02.392650 -05:00] [I] [T 75119]: set_on_local_message_fn
[2023-12-01 17:26:02.392651 -05:00] [I] [T 75119]: set_queue_on_main_fn
[2023-12-01 17:26:02.392657 -05:00] [I] [T 75119]: set host to https://api.bambulab.com/v1
[2023-12-01 17:26:02.392657 -05:00] [I] [T 75119]: region update iot = https://api.bambulab.com/v1
[2023-12-01 17:26:02.392658 -05:00] [I] [T 75119]: region update api = https://api.bambulab.com/
[2023-12-01 17:26:02.392658 -05:00] [I] [T 75119]: region update mqtt = ssl://us.mqtt.bambulab.com:8883
[2023-12-01 17:26:02.392658 -05:00] [I] [T 75119]: region update tutk = US
[2023-12-01 17:26:02.392659 -05:00] [I] [T 75119]: region update base domain = bambulab.com
[2023-12-01 17:26:02.392659 -05:00] [I] [T 75119]: region update environment = 
[2023-12-01 17:26:02.392659 -05:00] [I] [T 75119]: region update wifi_code = US
[2023-12-01 17:26:02.392659 -05:00] [I] [T 75119]: region update design = https://bambulab.com
[2023-12-01 17:26:02.392660 -05:00] [I] [T 75119]: Agent: load_config
[2023-12-01 17:26:02.392743 -05:00] [I] [T 75119]: load_user_info
[2023-12-01 17:26:02.392747 -05:00] [I] [T 75119]: save_user_info
[2023-12-01 17:26:02.392749 -05:00] [I] [T 75119]: Agent: save_config
[2023-12-01 17:26:04.777034 -05:00] [I] [T 75119]: set_on_http_error_fn
[2023-12-01 17:26:04.777040 -05:00] [I] [T 75119]: ssdp: stop()
[2023-12-01 17:26:04.777104 -05:00] [I] [T 75119]: Network Interface List: 2
[2023-12-01 17:26:04.806842 -05:00] [I] [T 75119]: connect_cloud_mqtt
[2023-12-01 17:26:04.807252 -05:00] [I] [T 75119]: connect_cloud_mqtt
[2023-12-01 17:26:04.807253 -05:00] [I] [T 75119]: mqtt_cli is exists!
[2023-12-01 17:26:04.807255 -05:00] [E] [T 75119]: bambu_network_connect_server , connect_server returned error:-1
[2023-12-01 17:26:05.168937 -05:00] [I] [T 75523]: cloud_conn_callback::on_success, Connection(mqtt) OK! cli id= slicer:244513175:a3b8
[2023-12-01 17:26:05.168974 -05:00] [I] [T 75523]: cloud_conn_callback::on_success, Connection(mqtt) OK! cli id= slicer:244513175:a3b8
[2023-12-01 17:26:05.168977 -05:00] [I] [T 75523]: cloud_conn_callback::connected!
[2023-12-01 17:26:05.169024 -05:00] [I] [T 75119]: set monitor machine = 
[2023-12-01 17:26:05.169027 -05:00] [I] [T 75119]: Agent: save_config
[2023-12-01 17:26:05.169304 -05:00] [I] [T 75119]: set monitor machine = 
[2023-12-01 17:26:05.169305 -05:00] [I] [T 75119]: Agent: save_config
[2023-12-01 17:26:05.169425 -05:00] [I] [T 75119]: set monitor machine = 
[2023-12-01 17:26:05.169426 -05:00] [I] [T 75119]: Agent: save_config
[2023-12-01 17:26:07.254326 -05:00] [I] [T 75239]: error = , body = {"message":"setting name conflict: My Generic PLA - Copy","code":12,"error":"IOT_ERROR_RESOURCE_CONFLICT","setting_id":"PF65603855175076706","update_time":null}, code = 409
[2023-12-01 17:30:01.058200 -05:00] [I] [T 75119]: Agent: save_config
