[2023-11-19 06:03:46.724043 -05:00] [I] [T 169679]: init log
[2023-11-19 06:03:46.724050 -05:00] [I] [T 169679]: Version: 01.07.07.07
[2023-11-19 06:03:46.724053 -05:00] [I] [T 169679]: Agent: set_cert_dir_name, dir=/Applications/OrcaSlicer.app/Contents/Resources/cert, name=slicer_base64.cer
[2023-11-19 06:03:46.724078 -05:00] [I] [T 169679]: set_on_server_connected_fn
[2023-11-19 06:03:46.724080 -05:00] [I] [T 169679]: set_on_printer_connected_fn
[2023-11-19 06:03:46.724081 -05:00] [I] [T 169679]: set_get_country_code_fn
[2023-11-19 06:03:46.724082 -05:00] [I] [T 169679]: set_on_local_connect_fn
[2023-11-19 06:03:46.724083 -05:00] [I] [T 169679]: set_on_message_fn
[2023-11-19 06:03:46.724084 -05:00] [I] [T 169679]: set_on_local_message_fn
[2023-11-19 06:03:46.724084 -05:00] [I] [T 169679]: set_queue_on_main_fn
[2023-11-19 06:03:46.724090 -05:00] [I] [T 169679]: set host to https://api.bambulab.com/v1
[2023-11-19 06:03:46.724091 -05:00] [I] [T 169679]: region update iot = https://api.bambulab.com/v1
[2023-11-19 06:03:46.724091 -05:00] [I] [T 169679]: region update api = https://api.bambulab.com/
[2023-11-19 06:03:46.724091 -05:00] [I] [T 169679]: region update mqtt = ssl://us.mqtt.bambulab.com:8883
[2023-11-19 06:03:46.724092 -05:00] [I] [T 169679]: region update tutk = US
[2023-11-19 06:03:46.724092 -05:00] [I] [T 169679]: region update base domain = bambulab.com
[2023-11-19 06:03:46.724092 -05:00] [I] [T 169679]: region update environment = 
[2023-11-19 06:03:46.724092 -05:00] [I] [T 169679]: region update wifi_code = US
[2023-11-19 06:03:46.724093 -05:00] [I] [T 169679]: region update design = https://bambulab.com
[2023-11-19 06:03:46.724093 -05:00] [I] [T 169679]: Agent: load_config
[2023-11-19 06:03:46.724156 -05:00] [I] [T 169679]: load_user_info
[2023-11-19 06:03:46.724160 -05:00] [I] [T 169679]: save_user_info
[2023-11-19 06:03:46.724162 -05:00] [I] [T 169679]: Agent: save_config
[2023-11-19 06:03:49.078153 -05:00] [I] [T 169679]: set_on_http_error_fn
[2023-11-19 06:03:49.078159 -05:00] [I] [T 169679]: ssdp: stop()
[2023-11-19 06:03:49.078218 -05:00] [I] [T 169679]: Network Interface List: 2
[2023-11-19 06:03:49.109101 -05:00] [I] [T 169679]: connect_cloud_mqtt
[2023-11-19 06:03:49.109598 -05:00] [I] [T 169679]: connect_cloud_mqtt
[2023-11-19 06:03:49.109600 -05:00] [I] [T 169679]: mqtt_cli is exists!
[2023-11-19 06:03:49.109603 -05:00] [E] [T 169679]: bambu_network_connect_server , connect_server returned error:-1
[2023-11-19 06:03:49.430468 -05:00] [I] [T 169967]: cloud_conn_callback::on_success, Connection(mqtt) OK! cli id= slicer:244513175:6303
[2023-11-19 06:03:49.430495 -05:00] [I] [T 169967]: cloud_conn_callback::on_success, Connection(mqtt) OK! cli id= slicer:244513175:6303
[2023-11-19 06:03:49.430497 -05:00] [I] [T 169967]: cloud_conn_callback::connected!
[2023-11-19 06:03:49.430548 -05:00] [I] [T 169679]: set monitor machine = 
[2023-11-19 06:03:49.430550 -05:00] [I] [T 169679]: Agent: save_config
[2023-11-19 06:03:49.431279 -05:00] [I] [T 169679]: set monitor machine = 
[2023-11-19 06:03:49.431281 -05:00] [I] [T 169679]: Agent: save_config
[2023-11-19 06:03:49.431394 -05:00] [I] [T 169679]: set monitor machine = 
[2023-11-19 06:03:49.431395 -05:00] [I] [T 169679]: Agent: save_config
[2023-11-19 06:03:50.790257 -05:00] [I] [T 169761]: error = , body = {"message":"setting name conflict: My Generic PLA - Copy","code":12,"error":"IOT_ERROR_RESOURCE_CONFLICT","setting_id":"PF65603855175076706","update_time":null}, code = 409
[2023-11-19 06:04:10.945374 -05:00] [I] [T 169679]: Agent: save_config
