[2023-11-18 14:48:21.056314 -05:00] [I] [T 696143]: init log
[2023-11-18 14:48:21.056322 -05:00] [I] [T 696143]: Version: 01.07.07.07
[2023-11-18 14:48:21.056327 -05:00] [I] [T 696143]: Agent: set_cert_dir_name, dir=/Applications/OrcaSlicer.app/Contents/Resources/cert, name=slicer_base64.cer
[2023-11-18 14:48:21.056358 -05:00] [I] [T 696143]: set_on_server_connected_fn
[2023-11-18 14:48:21.056359 -05:00] [I] [T 696143]: set_on_printer_connected_fn
[2023-11-18 14:48:21.056360 -05:00] [I] [T 696143]: set_get_country_code_fn
[2023-11-18 14:48:21.056361 -05:00] [I] [T 696143]: set_on_local_connect_fn
[2023-11-18 14:48:21.056363 -05:00] [I] [T 696143]: set_on_message_fn
[2023-11-18 14:48:21.056363 -05:00] [I] [T 696143]: set_on_local_message_fn
[2023-11-18 14:48:21.056364 -05:00] [I] [T 696143]: set_queue_on_main_fn
[2023-11-18 14:48:21.056371 -05:00] [I] [T 696143]: set host to https://api.bambulab.com/v1
[2023-11-18 14:48:21.056371 -05:00] [I] [T 696143]: region update iot = https://api.bambulab.com/v1
[2023-11-18 14:48:21.056371 -05:00] [I] [T 696143]: region update api = https://api.bambulab.com/
[2023-11-18 14:48:21.056372 -05:00] [I] [T 696143]: region update mqtt = ssl://us.mqtt.bambulab.com:8883
[2023-11-18 14:48:21.056372 -05:00] [I] [T 696143]: region update tutk = US
[2023-11-18 14:48:21.056372 -05:00] [I] [T 696143]: region update base domain = bambulab.com
[2023-11-18 14:48:21.056373 -05:00] [I] [T 696143]: region update environment = 
[2023-11-18 14:48:21.056373 -05:00] [I] [T 696143]: region update wifi_code = US
[2023-11-18 14:48:21.056373 -05:00] [I] [T 696143]: region update design = https://bambulab.com
[2023-11-18 14:48:21.056373 -05:00] [I] [T 696143]: Agent: load_config
[2023-11-18 14:48:21.056459 -05:00] [I] [T 696143]: load_user_info
[2023-11-18 14:48:21.056463 -05:00] [I] [T 696143]: save_user_info
[2023-11-18 14:48:21.056465 -05:00] [I] [T 696143]: Agent: save_config
[2023-11-18 14:48:23.386381 -05:00] [I] [T 696143]: set_on_http_error_fn
[2023-11-18 14:48:23.386387 -05:00] [I] [T 696143]: ssdp: stop()
[2023-11-18 14:48:23.386457 -05:00] [I] [T 696143]: Network Interface List: 2
[2023-11-18 14:48:23.413910 -05:00] [I] [T 696143]: connect_cloud_mqtt
[2023-11-18 14:48:23.414368 -05:00] [I] [T 696143]: connect_cloud_mqtt
[2023-11-18 14:48:23.414370 -05:00] [I] [T 696143]: mqtt_cli is exists!
[2023-11-18 14:48:23.414373 -05:00] [E] [T 696143]: bambu_network_connect_server , connect_server returned error:-1
[2023-11-18 14:48:23.735722 -05:00] [I] [T 696575]: cloud_conn_callback::on_success, Connection(mqtt) OK! cli id= slicer:244513175:13a1
[2023-11-18 14:48:23.735849 -05:00] [I] [T 696575]: cloud_conn_callback::on_success, Connection(mqtt) OK! cli id= slicer:244513175:13a1
[2023-11-18 14:48:23.735879 -05:00] [I] [T 696575]: cloud_conn_callback::connected!
[2023-11-18 14:48:23.736133 -05:00] [I] [T 696143]: set monitor machine = 
[2023-11-18 14:48:23.736141 -05:00] [I] [T 696143]: Agent: save_config
[2023-11-18 14:48:23.737524 -05:00] [I] [T 696143]: set monitor machine = 
[2023-11-18 14:48:23.737529 -05:00] [I] [T 696143]: Agent: save_config
[2023-11-18 14:48:23.738490 -05:00] [I] [T 696143]: set monitor machine = 
[2023-11-18 14:48:23.738493 -05:00] [I] [T 696143]: Agent: save_config
[2023-11-18 14:48:25.187260 -05:00] [I] [T 696237]: error = , body = {"message":"setting name conflict: My Generic PLA - Copy","code":12,"error":"IOT_ERROR_RESOURCE_CONFLICT","setting_id":"PF65603855175076706","update_time":null}, code = 409
[2023-11-18 15:03:21.430866 -05:00] [I] [T 696143]: stop_subscribe, machine = , module = app
[2023-11-18 15:21:08.268377 -05:00] [I] [T 696143]: Agent: save_config
