[2023-11-28 18:37:19.636891 -05:00] [I] [T 640123]: init log
[2023-11-28 18:37:19.636916 -05:00] [I] [T 640123]: Version: 01.07.07.07
[2023-11-28 18:37:19.636927 -05:00] [I] [T 640123]: Agent: set_cert_dir_name, dir=/Applications/OrcaSlicer.app/Contents/Resources/cert, name=slicer_base64.cer
[2023-11-28 18:37:19.637000 -05:00] [I] [T 640123]: set_on_server_connected_fn
[2023-11-28 18:37:19.637001 -05:00] [I] [T 640123]: set_on_printer_connected_fn
[2023-11-28 18:37:19.637001 -05:00] [I] [T 640123]: set_get_country_code_fn
[2023-11-28 18:37:19.637002 -05:00] [I] [T 640123]: set_on_local_connect_fn
[2023-11-28 18:37:19.637013 -05:00] [I] [T 640123]: set_on_message_fn
[2023-11-28 18:37:19.637013 -05:00] [I] [T 640123]: set_on_local_message_fn
[2023-11-28 18:37:19.637014 -05:00] [I] [T 640123]: set_queue_on_main_fn
[2023-11-28 18:37:19.637220 -05:00] [I] [T 640123]: set host to https://api.bambulab.com/v1
[2023-11-28 18:37:19.637222 -05:00] [I] [T 640123]: region update iot = https://api.bambulab.com/v1
[2023-11-28 18:37:19.637222 -05:00] [I] [T 640123]: region update api = https://api.bambulab.com/
[2023-11-28 18:37:19.637223 -05:00] [I] [T 640123]: region update mqtt = ssl://us.mqtt.bambulab.com:8883
[2023-11-28 18:37:19.637223 -05:00] [I] [T 640123]: region update tutk = US
[2023-11-28 18:37:19.637223 -05:00] [I] [T 640123]: region update base domain = bambulab.com
[2023-11-28 18:37:19.637223 -05:00] [I] [T 640123]: region update environment = 
[2023-11-28 18:37:19.637224 -05:00] [I] [T 640123]: region update wifi_code = US
[2023-11-28 18:37:19.637224 -05:00] [I] [T 640123]: region update design = https://bambulab.com
[2023-11-28 18:37:19.637224 -05:00] [I] [T 640123]: Agent: load_config
[2023-11-28 18:37:19.637711 -05:00] [I] [T 640123]: load_user_info
[2023-11-28 18:37:19.637717 -05:00] [I] [T 640123]: save_user_info
[2023-11-28 18:37:19.637719 -05:00] [I] [T 640123]: Agent: save_config
[2023-11-28 18:37:22.359491 -05:00] [I] [T 640123]: set_on_http_error_fn
[2023-11-28 18:37:22.359496 -05:00] [I] [T 640123]: ssdp: stop()
[2023-11-28 18:37:22.359574 -05:00] [I] [T 640123]: Network Interface List: 2
[2023-11-28 18:37:22.384786 -05:00] [I] [T 640123]: connect_cloud_mqtt
[2023-11-28 18:37:22.385533 -05:00] [I] [T 640123]: connect_cloud_mqtt
[2023-11-28 18:37:22.385535 -05:00] [I] [T 640123]: mqtt_cli is exists!
[2023-11-28 18:37:22.385550 -05:00] [E] [T 640123]: bambu_network_connect_server , connect_server returned error:-1
[2023-11-28 18:37:23.054467 -05:00] [I] [T 640512]: cloud_conn_callback::on_success, Connection(mqtt) OK! cli id= slicer:244513175:f346
[2023-11-28 18:37:23.055116 -05:00] [I] [T 640123]: set monitor machine = 
[2023-11-28 18:37:23.055124 -05:00] [I] [T 640123]: Agent: save_config
[2023-11-28 18:37:23.060281 -05:00] [I] [T 640512]: cloud_conn_callback::on_success, Connection(mqtt) OK! cli id= slicer:244513175:f346
[2023-11-28 18:37:23.060303 -05:00] [I] [T 640512]: cloud_conn_callback::connected!
[2023-11-28 18:37:23.060419 -05:00] [I] [T 640123]: set monitor machine = 
[2023-11-28 18:37:23.060425 -05:00] [I] [T 640123]: Agent: save_config
[2023-11-28 18:37:23.060929 -05:00] [I] [T 640123]: set monitor machine = 
[2023-11-28 18:37:23.060932 -05:00] [I] [T 640123]: Agent: save_config
[2023-11-28 18:37:25.840573 -05:00] [I] [T 640216]: error = , body = {"message":"setting name conflict: My Generic PLA - Copy","code":12,"error":"IOT_ERROR_RESOURCE_CONFLICT","setting_id":"PF65603855175076706","update_time":null}, code = 409
[2023-11-28 18:52:19.437927 -05:00] [I] [T 640123]: stop_subscribe, machine = , module = app
[2023-11-28 19:55:40.367743 -05:00] [I] [T 640123]: Agent: save_config
