[2023-11-28 07:51:33.289681 -05:00] [I] [T 80017]: init log
[2023-11-28 07:51:33.289688 -05:00] [I] [T 80017]: Version: 01.07.07.07
[2023-11-28 07:51:33.289690 -05:00] [I] [T 80017]: Agent: set_cert_dir_name, dir=/Applications/OrcaSlicer.app/Contents/Resources/cert, name=slicer_base64.cer
[2023-11-28 07:51:33.289712 -05:00] [I] [T 80017]: set_on_server_connected_fn
[2023-11-28 07:51:33.289714 -05:00] [I] [T 80017]: set_on_printer_connected_fn
[2023-11-28 07:51:33.289714 -05:00] [I] [T 80017]: set_get_country_code_fn
[2023-11-28 07:51:33.289715 -05:00] [I] [T 80017]: set_on_local_connect_fn
[2023-11-28 07:51:33.289717 -05:00] [I] [T 80017]: set_on_message_fn
[2023-11-28 07:51:33.289717 -05:00] [I] [T 80017]: set_on_local_message_fn
[2023-11-28 07:51:33.289718 -05:00] [I] [T 80017]: set_queue_on_main_fn
[2023-11-28 07:51:33.289724 -05:00] [I] [T 80017]: set host to https://api.bambulab.com/v1
[2023-11-28 07:51:33.289724 -05:00] [I] [T 80017]: region update iot = https://api.bambulab.com/v1
[2023-11-28 07:51:33.289725 -05:00] [I] [T 80017]: region update api = https://api.bambulab.com/
[2023-11-28 07:51:33.289725 -05:00] [I] [T 80017]: region update mqtt = ssl://us.mqtt.bambulab.com:8883
[2023-11-28 07:51:33.289725 -05:00] [I] [T 80017]: region update tutk = US
[2023-11-28 07:51:33.289725 -05:00] [I] [T 80017]: region update base domain = bambulab.com
[2023-11-28 07:51:33.289726 -05:00] [I] [T 80017]: region update environment = 
[2023-11-28 07:51:33.289726 -05:00] [I] [T 80017]: region update wifi_code = US
[2023-11-28 07:51:33.289726 -05:00] [I] [T 80017]: region update design = https://bambulab.com
[2023-11-28 07:51:33.289727 -05:00] [I] [T 80017]: Agent: load_config
[2023-11-28 07:51:33.289797 -05:00] [I] [T 80017]: load_user_info
[2023-11-28 07:51:33.289802 -05:00] [I] [T 80017]: save_user_info
[2023-11-28 07:51:33.289804 -05:00] [I] [T 80017]: Agent: save_config
[2023-11-28 07:51:35.899317 -05:00] [I] [T 80017]: set_on_http_error_fn
[2023-11-28 07:51:35.899323 -05:00] [I] [T 80017]: ssdp: stop()
[2023-11-28 07:51:35.899384 -05:00] [I] [T 80017]: Network Interface List: 2
[2023-11-28 07:51:35.931210 -05:00] [I] [T 80017]: connect_cloud_mqtt
[2023-11-28 07:51:35.938697 -05:00] [I] [T 80017]: connect_cloud_mqtt
[2023-11-28 07:51:35.938699 -05:00] [I] [T 80017]: mqtt_cli is exists!
[2023-11-28 07:51:35.938704 -05:00] [E] [T 80017]: bambu_network_connect_server , connect_server returned error:-1
[2023-11-28 07:51:36.280414 -05:00] [I] [T 80298]: cloud_conn_callback::on_success, Connection(mqtt) OK! cli id= slicer:244513175:1613
[2023-11-28 07:51:36.280457 -05:00] [I] [T 80298]: cloud_conn_callback::on_success, Connection(mqtt) OK! cli id= slicer:244513175:1613
[2023-11-28 07:51:36.280460 -05:00] [I] [T 80298]: cloud_conn_callback::connected!
[2023-11-28 07:51:36.280555 -05:00] [I] [T 80017]: set monitor machine = 
[2023-11-28 07:51:36.280558 -05:00] [I] [T 80017]: Agent: save_config
[2023-11-28 07:51:36.280928 -05:00] [I] [T 80017]: set monitor machine = 
[2023-11-28 07:51:36.280929 -05:00] [I] [T 80017]: Agent: save_config
[2023-11-28 07:51:36.281406 -05:00] [I] [T 80017]: set monitor machine = 
[2023-11-28 07:51:36.281407 -05:00] [I] [T 80017]: Agent: save_config
[2023-11-28 07:51:38.040320 -05:00] [I] [T 80092]: error = , body = {"message":"setting name conflict: My Generic PLA - Copy","code":12,"error":"IOT_ERROR_RESOURCE_CONFLICT","setting_id":"PF65603855175076706","update_time":null}, code = 409
[2023-11-28 08:06:33.134595 -05:00] [I] [T 80017]: stop_subscribe, machine = , module = app
[2023-11-28 08:55:53.587500 -05:00] [I] [T 80017]: Agent: save_config
