[2023-12-01 16:57:51.579103 -05:00] [I] [T 58750]: init log
[2023-12-01 16:57:51.579130 -05:00] [I] [T 58750]: Version: 01.07.07.07
[2023-12-01 16:57:51.579142 -05:00] [I] [T 58750]: Agent: set_cert_dir_name, dir=/Applications/OrcaSlicer.app/Contents/Resources/cert, name=slicer_base64.cer
[2023-12-01 16:57:51.579217 -05:00] [I] [T 58750]: set_on_server_connected_fn
[2023-12-01 16:57:51.579218 -05:00] [I] [T 58750]: set_on_printer_connected_fn
[2023-12-01 16:57:51.579219 -05:00] [I] [T 58750]: set_get_country_code_fn
[2023-12-01 16:57:51.579219 -05:00] [I] [T 58750]: set_on_local_connect_fn
[2023-12-01 16:57:51.579230 -05:00] [I] [T 58750]: set_on_message_fn
[2023-12-01 16:57:51.579231 -05:00] [I] [T 58750]: set_on_local_message_fn
[2023-12-01 16:57:51.579232 -05:00] [I] [T 58750]: set_queue_on_main_fn
[2023-12-01 16:57:51.579445 -05:00] [I] [T 58750]: set host to https://api.bambulab.com/v1
[2023-12-01 16:57:51.579445 -05:00] [I] [T 58750]: region update iot = https://api.bambulab.com/v1
[2023-12-01 16:57:51.579446 -05:00] [I] [T 58750]: region update api = https://api.bambulab.com/
[2023-12-01 16:57:51.579446 -05:00] [I] [T 58750]: region update mqtt = ssl://us.mqtt.bambulab.com:8883
[2023-12-01 16:57:51.579446 -05:00] [I] [T 58750]: region update tutk = US
[2023-12-01 16:57:51.579446 -05:00] [I] [T 58750]: region update base domain = bambulab.com
[2023-12-01 16:57:51.579447 -05:00] [I] [T 58750]: region update environment = 
[2023-12-01 16:57:51.579447 -05:00] [I] [T 58750]: region update wifi_code = US
[2023-12-01 16:57:51.579447 -05:00] [I] [T 58750]: region update design = https://bambulab.com
[2023-12-01 16:57:51.579447 -05:00] [I] [T 58750]: Agent: load_config
[2023-12-01 16:57:51.580083 -05:00] [I] [T 58750]: load_user_info
[2023-12-01 16:57:51.580088 -05:00] [I] [T 58750]: save_user_info
[2023-12-01 16:57:51.580089 -05:00] [I] [T 58750]: Agent: save_config
[2023-12-01 16:57:54.285626 -05:00] [I] [T 58750]: set_on_http_error_fn
[2023-12-01 16:57:54.285632 -05:00] [I] [T 58750]: ssdp: stop()
[2023-12-01 16:57:54.285716 -05:00] [I] [T 58750]: Network Interface List: 2
[2023-12-01 16:57:54.316772 -05:00] [I] [T 58750]: connect_cloud_mqtt
[2023-12-01 16:57:54.317470 -05:00] [I] [T 58750]: connect_cloud_mqtt
[2023-12-01 16:57:54.317471 -05:00] [I] [T 58750]: mqtt_cli is exists!
[2023-12-01 16:57:54.317485 -05:00] [E] [T 58750]: bambu_network_connect_server , connect_server returned error:-1
[2023-12-01 16:57:54.636236 -05:00] [I] [T 59195]: cloud_conn_callback::on_success, Connection(mqtt) OK! cli id= slicer:244513175:f22f
[2023-12-01 16:57:54.636280 -05:00] [I] [T 59195]: cloud_conn_callback::on_success, Connection(mqtt) OK! cli id= slicer:244513175:f22f
[2023-12-01 16:57:54.636288 -05:00] [I] [T 59195]: cloud_conn_callback::connected!
[2023-12-01 16:57:54.636378 -05:00] [I] [T 58750]: set monitor machine = 
[2023-12-01 16:57:54.636383 -05:00] [I] [T 58750]: Agent: save_config
[2023-12-01 16:57:54.636887 -05:00] [I] [T 58750]: set monitor machine = 
[2023-12-01 16:57:54.636889 -05:00] [I] [T 58750]: Agent: save_config
[2023-12-01 16:57:54.637101 -05:00] [I] [T 58750]: set monitor machine = 
[2023-12-01 16:57:54.637102 -05:00] [I] [T 58750]: Agent: save_config
[2023-12-01 16:57:55.859923 -05:00] [I] [T 58820]: error = , body = {"message":"setting name conflict: My Generic PLA - Copy","code":12,"error":"IOT_ERROR_RESOURCE_CONFLICT","setting_id":"PF65603855175076706","update_time":null}, code = 409
[2023-12-01 17:08:11.794359 -05:00] [I] [T 58750]: Agent: save_config
