[2023-11-29 17:20:48.500745 -05:00] [I] [T 1310365]: init log
[2023-11-29 17:20:48.500752 -05:00] [I] [T 1310365]: Version: 01.07.07.07
[2023-11-29 17:20:48.500755 -05:00] [I] [T 1310365]: Agent: set_cert_dir_name, dir=/Applications/OrcaSlicer.app/Contents/Resources/cert, name=slicer_base64.cer
[2023-11-29 17:20:48.500780 -05:00] [I] [T 1310365]: set_on_server_connected_fn
[2023-11-29 17:20:48.500781 -05:00] [I] [T 1310365]: set_on_printer_connected_fn
[2023-11-29 17:20:48.500782 -05:00] [I] [T 1310365]: set_get_country_code_fn
[2023-11-29 17:20:48.500783 -05:00] [I] [T 1310365]: set_on_local_connect_fn
[2023-11-29 17:20:48.500785 -05:00] [I] [T 1310365]: set_on_message_fn
[2023-11-29 17:20:48.500785 -05:00] [I] [T 1310365]: set_on_local_message_fn
[2023-11-29 17:20:48.500786 -05:00] [I] [T 1310365]: set_queue_on_main_fn
[2023-11-29 17:20:48.500792 -05:00] [I] [T 1310365]: set host to https://api.bambulab.com/v1
[2023-11-29 17:20:48.500792 -05:00] [I] [T 1310365]: region update iot = https://api.bambulab.com/v1
[2023-11-29 17:20:48.500793 -05:00] [I] [T 1310365]: region update api = https://api.bambulab.com/
[2023-11-29 17:20:48.500793 -05:00] [I] [T 1310365]: region update mqtt = ssl://us.mqtt.bambulab.com:8883
[2023-11-29 17:20:48.500793 -05:00] [I] [T 1310365]: region update tutk = US
[2023-11-29 17:20:48.500794 -05:00] [I] [T 1310365]: region update base domain = bambulab.com
[2023-11-29 17:20:48.500794 -05:00] [I] [T 1310365]: region update environment = 
[2023-11-29 17:20:48.500794 -05:00] [I] [T 1310365]: region update wifi_code = US
[2023-11-29 17:20:48.500794 -05:00] [I] [T 1310365]: region update design = https://bambulab.com
[2023-11-29 17:20:48.500795 -05:00] [I] [T 1310365]: Agent: load_config
[2023-11-29 17:20:48.501316 -05:00] [I] [T 1310365]: load_user_info
[2023-11-29 17:20:48.501322 -05:00] [I] [T 1310365]: save_user_info
[2023-11-29 17:20:48.501324 -05:00] [I] [T 1310365]: Agent: save_config
[2023-11-29 17:20:51.101111 -05:00] [I] [T 1310365]: set_on_http_error_fn
[2023-11-29 17:20:51.101117 -05:00] [I] [T 1310365]: ssdp: stop()
[2023-11-29 17:20:51.101186 -05:00] [I] [T 1310365]: Network Interface List: 2
[2023-11-29 17:20:51.138668 -05:00] [I] [T 1310365]: connect_cloud_mqtt
[2023-11-29 17:20:51.139175 -05:00] [I] [T 1310365]: connect_cloud_mqtt
[2023-11-29 17:20:51.139178 -05:00] [I] [T 1310365]: mqtt_cli is exists!
[2023-11-29 17:20:51.139183 -05:00] [E] [T 1310365]: bambu_network_connect_server , connect_server returned error:-1
[2023-11-29 17:20:51.499213 -05:00] [I] [T 1310888]: cloud_conn_callback::on_success, Connection(mqtt) OK! cli id= slicer:244513175:b538
[2023-11-29 17:20:51.499259 -05:00] [I] [T 1310888]: cloud_conn_callback::on_success, Connection(mqtt) OK! cli id= slicer:244513175:b538
[2023-11-29 17:20:51.499263 -05:00] [I] [T 1310888]: cloud_conn_callback::connected!
[2023-11-29 17:20:51.499369 -05:00] [I] [T 1310365]: set monitor machine = 
[2023-11-29 17:20:51.499372 -05:00] [I] [T 1310365]: Agent: save_config
[2023-11-29 17:20:51.499617 -05:00] [I] [T 1310365]: set monitor machine = 
[2023-11-29 17:20:51.499618 -05:00] [I] [T 1310365]: Agent: save_config
[2023-11-29 17:20:51.499758 -05:00] [I] [T 1310365]: set monitor machine = 
[2023-11-29 17:20:51.499759 -05:00] [I] [T 1310365]: Agent: save_config
[2023-11-29 17:20:53.113826 -05:00] [I] [T 1310473]: error = , body = {"message":"setting name conflict: My Generic PLA - Copy","code":12,"error":"IOT_ERROR_RESOURCE_CONFLICT","setting_id":"PF65603855175076706","update_time":null}, code = 409
[2023-11-29 17:35:48.317275 -05:00] [I] [T 1310365]: stop_subscribe, machine = , module = app
[2023-11-29 20:52:12.245032 -05:00] [I] [T 1310365]: Agent: save_config
