[2023-11-28 06:49:43.965029 -05:00] [I] [T 17471]: init log
[2023-11-28 06:49:43.965054 -05:00] [I] [T 17471]: Version: 01.07.07.07
[2023-11-28 06:49:43.965066 -05:00] [I] [T 17471]: Agent: set_cert_dir_name, dir=/Applications/OrcaSlicer.app/Contents/Resources/cert, name=slicer_base64.cer
[2023-11-28 06:49:43.965137 -05:00] [I] [T 17471]: set_on_server_connected_fn
[2023-11-28 06:49:43.965138 -05:00] [I] [T 17471]: set_on_printer_connected_fn
[2023-11-28 06:49:43.965139 -05:00] [I] [T 17471]: set_get_country_code_fn
[2023-11-28 06:49:43.965139 -05:00] [I] [T 17471]: set_on_local_connect_fn
[2023-11-28 06:49:43.965150 -05:00] [I] [T 17471]: set_on_message_fn
[2023-11-28 06:49:43.965150 -05:00] [I] [T 17471]: set_on_local_message_fn
[2023-11-28 06:49:43.965151 -05:00] [I] [T 17471]: set_queue_on_main_fn
[2023-11-28 06:49:43.965370 -05:00] [I] [T 17471]: set host to https://api.bambulab.com/v1
[2023-11-28 06:49:43.965371 -05:00] [I] [T 17471]: region update iot = https://api.bambulab.com/v1
[2023-11-28 06:49:43.965371 -05:00] [I] [T 17471]: region update api = https://api.bambulab.com/
[2023-11-28 06:49:43.965371 -05:00] [I] [T 17471]: region update mqtt = ssl://us.mqtt.bambulab.com:8883
[2023-11-28 06:49:43.965371 -05:00] [I] [T 17471]: region update tutk = US
[2023-11-28 06:49:43.965372 -05:00] [I] [T 17471]: region update base domain = bambulab.com
[2023-11-28 06:49:43.965372 -05:00] [I] [T 17471]: region update environment = 
[2023-11-28 06:49:43.965372 -05:00] [I] [T 17471]: region update wifi_code = US
[2023-11-28 06:49:43.965372 -05:00] [I] [T 17471]: region update design = https://bambulab.com
[2023-11-28 06:49:43.965373 -05:00] [I] [T 17471]: Agent: load_config
[2023-11-28 06:49:43.965954 -05:00] [I] [T 17471]: load_user_info
[2023-11-28 06:49:43.965959 -05:00] [I] [T 17471]: save_user_info
[2023-11-28 06:49:43.965960 -05:00] [I] [T 17471]: Agent: save_config
[2023-11-28 06:49:46.883495 -05:00] [I] [T 17471]: set_on_http_error_fn
[2023-11-28 06:49:46.883501 -05:00] [I] [T 17471]: ssdp: stop()
[2023-11-28 06:49:46.883578 -05:00] [I] [T 17471]: Network Interface List: 2
[2023-11-28 06:49:46.914053 -05:00] [I] [T 17471]: connect_cloud_mqtt
[2023-11-28 06:49:46.914755 -05:00] [I] [T 17471]: connect_cloud_mqtt
[2023-11-28 06:49:46.914757 -05:00] [I] [T 17471]: mqtt_cli is exists!
[2023-11-28 06:49:46.914769 -05:00] [E] [T 17471]: bambu_network_connect_server , connect_server returned error:-1
[2023-11-28 06:49:48.514506 -05:00] [I] [T 17890]: cloud_conn_callback::on_success, Connection(mqtt) OK! cli id= slicer:244513175:036a
[2023-11-28 06:49:48.514566 -05:00] [I] [T 17890]: cloud_conn_callback::on_success, Connection(mqtt) OK! cli id= slicer:244513175:036a
[2023-11-28 06:49:48.514569 -05:00] [I] [T 17890]: cloud_conn_callback::connected!
[2023-11-28 06:49:48.514753 -05:00] [I] [T 17471]: set monitor machine = 
[2023-11-28 06:49:48.514758 -05:00] [I] [T 17471]: Agent: save_config
[2023-11-28 06:49:48.515312 -05:00] [I] [T 17471]: set monitor machine = 
[2023-11-28 06:49:48.515314 -05:00] [I] [T 17471]: Agent: save_config
[2023-11-28 06:49:48.515929 -05:00] [I] [T 17471]: set monitor machine = 
[2023-11-28 06:49:48.515931 -05:00] [I] [T 17471]: Agent: save_config
[2023-11-28 06:49:48.662223 -05:00] [I] [T 17565]: error = , body = {"message":"setting name conflict: My Generic PLA - Copy","code":12,"error":"IOT_ERROR_RESOURCE_CONFLICT","setting_id":"PF65603855175076706","update_time":null}, code = 409
[2023-11-28 07:04:43.758509 -05:00] [I] [T 17471]: stop_subscribe, machine = , module = app
[2023-11-28 07:36:06.724963 -05:00] [I] [T 17471]: Agent: save_config
