[2023-11-26 16:41:50.876143 -05:00] [I] [T 464578]: init log
[2023-11-26 16:41:50.876150 -05:00] [I] [T 464578]: Version: 01.07.07.07
[2023-11-26 16:41:50.876153 -05:00] [I] [T 464578]: Agent: set_cert_dir_name, dir=/Applications/OrcaSlicer.app/Contents/Resources/cert, name=slicer_base64.cer
[2023-11-26 16:41:50.876182 -05:00] [I] [T 464578]: set_on_server_connected_fn
[2023-11-26 16:41:50.876183 -05:00] [I] [T 464578]: set_on_printer_connected_fn
[2023-11-26 16:41:50.876184 -05:00] [I] [T 464578]: set_get_country_code_fn
[2023-11-26 16:41:50.876185 -05:00] [I] [T 464578]: set_on_local_connect_fn
[2023-11-26 16:41:50.876186 -05:00] [I] [T 464578]: set_on_message_fn
[2023-11-26 16:41:50.876187 -05:00] [I] [T 464578]: set_on_local_message_fn
[2023-11-26 16:41:50.876188 -05:00] [I] [T 464578]: set_queue_on_main_fn
[2023-11-26 16:41:50.876195 -05:00] [I] [T 464578]: set host to https://api.bambulab.com/v1
[2023-11-26 16:41:50.876195 -05:00] [I] [T 464578]: region update iot = https://api.bambulab.com/v1
[2023-11-26 16:41:50.876195 -05:00] [I] [T 464578]: region update api = https://api.bambulab.com/
[2023-11-26 16:41:50.876196 -05:00] [I] [T 464578]: region update mqtt = ssl://us.mqtt.bambulab.com:8883
[2023-11-26 16:41:50.876196 -05:00] [I] [T 464578]: region update tutk = US
[2023-11-26 16:41:50.876196 -05:00] [I] [T 464578]: region update base domain = bambulab.com
[2023-11-26 16:41:50.876196 -05:00] [I] [T 464578]: region update environment = 
[2023-11-26 16:41:50.876197 -05:00] [I] [T 464578]: region update wifi_code = US
[2023-11-26 16:41:50.876197 -05:00] [I] [T 464578]: region update design = https://bambulab.com
[2023-11-26 16:41:50.876197 -05:00] [I] [T 464578]: Agent: load_config
[2023-11-26 16:41:50.876735 -05:00] [I] [T 464578]: load_user_info
[2023-11-26 16:41:50.876745 -05:00] [I] [T 464578]: save_user_info
[2023-11-26 16:41:50.876747 -05:00] [I] [T 464578]: Agent: save_config
[2023-11-26 16:41:53.624045 -05:00] [I] [T 464578]: set_on_http_error_fn
[2023-11-26 16:41:53.624051 -05:00] [I] [T 464578]: ssdp: stop()
[2023-11-26 16:41:53.624117 -05:00] [I] [T 464578]: Network Interface List: 2
[2023-11-26 16:41:53.649927 -05:00] [I] [T 464578]: connect_cloud_mqtt
[2023-11-26 16:41:53.650333 -05:00] [I] [T 464578]: connect_cloud_mqtt
[2023-11-26 16:41:53.650334 -05:00] [I] [T 464578]: mqtt_cli is exists!
[2023-11-26 16:41:53.650337 -05:00] [E] [T 464578]: bambu_network_connect_server , connect_server returned error:-1
[2023-11-26 16:41:54.078777 -05:00] [I] [T 464990]: cloud_conn_callback::on_success, Connection(mqtt) OK! cli id= slicer:244513175:3d80
[2023-11-26 16:41:54.078893 -05:00] [I] [T 464990]: cloud_conn_callback::on_success, Connection(mqtt) OK! cli id= slicer:244513175:3d80
[2023-11-26 16:41:54.078910 -05:00] [I] [T 464990]: cloud_conn_callback::connected!
[2023-11-26 16:41:54.078970 -05:00] [I] [T 464578]: set monitor machine = 
[2023-11-26 16:41:54.078973 -05:00] [I] [T 464578]: Agent: save_config
[2023-11-26 16:41:54.079283 -05:00] [I] [T 464578]: set monitor machine = 
[2023-11-26 16:41:54.079284 -05:00] [I] [T 464578]: Agent: save_config
[2023-11-26 16:41:54.079782 -05:00] [I] [T 464578]: set monitor machine = 
[2023-11-26 16:41:54.079783 -05:00] [I] [T 464578]: Agent: save_config
[2023-11-26 16:41:55.781006 -05:00] [I] [T 464664]: error = , body = {"message":"setting name conflict: My Generic PLA - Copy","code":12,"error":"IOT_ERROR_RESOURCE_CONFLICT","setting_id":"PF65603855175076706","update_time":null}, code = 409
[2023-11-26 16:56:50.748155 -05:00] [I] [T 464578]: stop_subscribe, machine = , module = app
[2023-11-26 18:06:27.696123 -05:00] [I] [T 464664]: put setting success!
[2023-11-26 18:11:55.454881 -05:00] [I] [T 464664]: put setting success!
[2023-11-26 18:24:45.976769 -05:00] [I] [T 464578]: Agent: save_config
