[2023-11-27 14:07:35.171563 -05:00] [I] [T 1054678]: init log
[2023-11-27 14:07:35.171588 -05:00] [I] [T 1054678]: Version: 01.07.07.07
[2023-11-27 14:07:35.171600 -05:00] [I] [T 1054678]: Agent: set_cert_dir_name, dir=/Applications/OrcaSlicer.app/Contents/Resources/cert, name=slicer_base64.cer
[2023-11-27 14:07:35.171653 -05:00] [I] [T 1054678]: set_on_server_connected_fn
[2023-11-27 14:07:35.171654 -05:00] [I] [T 1054678]: set_on_printer_connected_fn
[2023-11-27 14:07:35.171655 -05:00] [I] [T 1054678]: set_get_country_code_fn
[2023-11-27 14:07:35.171656 -05:00] [I] [T 1054678]: set_on_local_connect_fn
[2023-11-27 14:07:35.171657 -05:00] [I] [T 1054678]: set_on_message_fn
[2023-11-27 14:07:35.171658 -05:00] [I] [T 1054678]: set_on_local_message_fn
[2023-11-27 14:07:35.171659 -05:00] [I] [T 1054678]: set_queue_on_main_fn
[2023-11-27 14:07:35.171817 -05:00] [I] [T 1054678]: set host to https://api.bambulab.com/v1
[2023-11-27 14:07:35.171818 -05:00] [I] [T 1054678]: region update iot = https://api.bambulab.com/v1
[2023-11-27 14:07:35.171819 -05:00] [I] [T 1054678]: region update api = https://api.bambulab.com/
[2023-11-27 14:07:35.171819 -05:00] [I] [T 1054678]: region update mqtt = ssl://us.mqtt.bambulab.com:8883
[2023-11-27 14:07:35.171819 -05:00] [I] [T 1054678]: region update tutk = US
[2023-11-27 14:07:35.171819 -05:00] [I] [T 1054678]: region update base domain = bambulab.com
[2023-11-27 14:07:35.171820 -05:00] [I] [T 1054678]: region update environment = 
[2023-11-27 14:07:35.171820 -05:00] [I] [T 1054678]: region update wifi_code = US
[2023-11-27 14:07:35.171820 -05:00] [I] [T 1054678]: region update design = https://bambulab.com
[2023-11-27 14:07:35.171820 -05:00] [I] [T 1054678]: Agent: load_config
[2023-11-27 14:07:35.172220 -05:00] [I] [T 1054678]: load_user_info
[2023-11-27 14:07:35.172224 -05:00] [I] [T 1054678]: save_user_info
[2023-11-27 14:07:35.172226 -05:00] [I] [T 1054678]: Agent: save_config
[2023-11-27 14:07:37.782616 -05:00] [I] [T 1054678]: set_on_http_error_fn
[2023-11-27 14:07:37.782624 -05:00] [I] [T 1054678]: ssdp: stop()
[2023-11-27 14:07:37.782713 -05:00] [I] [T 1054678]: Network Interface List: 2
[2023-11-27 14:07:37.810041 -05:00] [I] [T 1054678]: connect_cloud_mqtt
[2023-11-27 14:07:37.810799 -05:00] [I] [T 1054678]: connect_cloud_mqtt
[2023-11-27 14:07:37.810800 -05:00] [I] [T 1054678]: mqtt_cli is exists!
[2023-11-27 14:07:37.810816 -05:00] [E] [T 1054678]: bambu_network_connect_server , connect_server returned error:-1
[2023-11-27 14:07:38.245590 -05:00] [I] [T 1055029]: cloud_conn_callback::on_success, Connection(mqtt) OK! cli id= slicer:244513175:2929
[2023-11-27 14:07:38.245647 -05:00] [I] [T 1055029]: cloud_conn_callback::on_success, Connection(mqtt) OK! cli id= slicer:244513175:2929
[2023-11-27 14:07:38.245652 -05:00] [I] [T 1055029]: cloud_conn_callback::connected!
[2023-11-27 14:07:38.245789 -05:00] [I] [T 1054678]: set monitor machine = 
[2023-11-27 14:07:38.245792 -05:00] [I] [T 1054678]: Agent: save_config
[2023-11-27 14:07:38.246110 -05:00] [I] [T 1054678]: set monitor machine = 
[2023-11-27 14:07:38.246111 -05:00] [I] [T 1054678]: Agent: save_config
[2023-11-27 14:07:38.246712 -05:00] [I] [T 1054678]: set monitor machine = 
[2023-11-27 14:07:38.246717 -05:00] [I] [T 1054678]: Agent: save_config
[2023-11-27 14:07:40.231642 -05:00] [I] [T 1054771]: error = , body = {"message":"setting name conflict: My Generic PLA - Copy","code":12,"error":"IOT_ERROR_RESOURCE_CONFLICT","setting_id":"PF65603855175076706","update_time":null}, code = 409
[2023-11-27 14:11:05.032344 -05:00] [I] [T 1054678]: Agent: save_config
