[2023-12-01 07:19:38.037888 -05:00] [I] [T 432359]: init log
[2023-12-01 07:19:38.037918 -05:00] [I] [T 432359]: Version: 01.07.07.07
[2023-12-01 07:19:38.037930 -05:00] [I] [T 432359]: Agent: set_cert_dir_name, dir=/Applications/OrcaSlicer.app/Contents/Resources/cert, name=slicer_base64.cer
[2023-12-01 07:19:38.037988 -05:00] [I] [T 432359]: set_on_server_connected_fn
[2023-12-01 07:19:38.037989 -05:00] [I] [T 432359]: set_on_printer_connected_fn
[2023-12-01 07:19:38.037990 -05:00] [I] [T 432359]: set_get_country_code_fn
[2023-12-01 07:19:38.037991 -05:00] [I] [T 432359]: set_on_local_connect_fn
[2023-12-01 07:19:38.037992 -05:00] [I] [T 432359]: set_on_message_fn
[2023-12-01 07:19:38.037993 -05:00] [I] [T 432359]: set_on_local_message_fn
[2023-12-01 07:19:38.037993 -05:00] [I] [T 432359]: set_queue_on_main_fn
[2023-12-01 07:19:38.038156 -05:00] [I] [T 432359]: set host to https://api.bambulab.com/v1
[2023-12-01 07:19:38.038157 -05:00] [I] [T 432359]: region update iot = https://api.bambulab.com/v1
[2023-12-01 07:19:38.038157 -05:00] [I] [T 432359]: region update api = https://api.bambulab.com/
[2023-12-01 07:19:38.038157 -05:00] [I] [T 432359]: region update mqtt = ssl://us.mqtt.bambulab.com:8883
[2023-12-01 07:19:38.038158 -05:00] [I] [T 432359]: region update tutk = US
[2023-12-01 07:19:38.038158 -05:00] [I] [T 432359]: region update base domain = bambulab.com
[2023-12-01 07:19:38.038158 -05:00] [I] [T 432359]: region update environment = 
[2023-12-01 07:19:38.038158 -05:00] [I] [T 432359]: region update wifi_code = US
[2023-12-01 07:19:38.038159 -05:00] [I] [T 432359]: region update design = https://bambulab.com
[2023-12-01 07:19:38.038159 -05:00] [I] [T 432359]: Agent: load_config
[2023-12-01 07:19:38.038767 -05:00] [I] [T 432359]: load_user_info
[2023-12-01 07:19:38.038771 -05:00] [I] [T 432359]: save_user_info
[2023-12-01 07:19:38.038773 -05:00] [I] [T 432359]: Agent: save_config
[2023-12-01 07:19:40.761345 -05:00] [I] [T 432359]: set_on_http_error_fn
[2023-12-01 07:19:40.761354 -05:00] [I] [T 432359]: ssdp: stop()
[2023-12-01 07:19:40.761460 -05:00] [I] [T 432359]: Network Interface List: 2
[2023-12-01 07:19:40.799291 -05:00] [I] [T 432359]: connect_cloud_mqtt
[2023-12-01 07:19:40.800145 -05:00] [I] [T 432359]: connect_cloud_mqtt
[2023-12-01 07:19:40.800148 -05:00] [I] [T 432359]: mqtt_cli is exists!
[2023-12-01 07:19:40.800164 -05:00] [E] [T 432359]: bambu_network_connect_server , connect_server returned error:-1
[2023-12-01 07:19:41.117487 -05:00] [I] [T 432714]: cloud_conn_callback::on_success, Connection(mqtt) OK! cli id= slicer:244513175:954f
[2023-12-01 07:19:41.117520 -05:00] [I] [T 432714]: cloud_conn_callback::on_success, Connection(mqtt) OK! cli id= slicer:244513175:954f
[2023-12-01 07:19:41.117523 -05:00] [I] [T 432714]: cloud_conn_callback::connected!
[2023-12-01 07:19:41.117629 -05:00] [I] [T 432359]: set monitor machine = 
[2023-12-01 07:19:41.117632 -05:00] [I] [T 432359]: Agent: save_config
[2023-12-01 07:19:41.117920 -05:00] [I] [T 432359]: set monitor machine = 
[2023-12-01 07:19:41.117921 -05:00] [I] [T 432359]: Agent: save_config
[2023-12-01 07:19:41.118456 -05:00] [I] [T 432359]: set monitor machine = 
[2023-12-01 07:19:41.118460 -05:00] [I] [T 432359]: Agent: save_config
[2023-12-01 07:19:42.330272 -05:00] [I] [T 432439]: error = , body = {"message":"setting name conflict: My Generic PLA - Copy","code":12,"error":"IOT_ERROR_RESOURCE_CONFLICT","setting_id":"PF65603855175076706","update_time":null}, code = 409
[2023-12-01 07:25:20.400929 -05:00] [I] [T 432359]: Agent: save_config
