[2023-11-30 17:18:08.848316 -05:00] [I] [T 97926]: init log
[2023-11-30 17:18:08.848344 -05:00] [I] [T 97926]: Version: 01.07.07.07
[2023-11-30 17:18:08.848357 -05:00] [I] [T 97926]: Agent: set_cert_dir_name, dir=/Applications/OrcaSlicer.app/Contents/Resources/cert, name=slicer_base64.cer
[2023-11-30 17:18:08.848437 -05:00] [I] [T 97926]: set_on_server_connected_fn
[2023-11-30 17:18:08.848438 -05:00] [I] [T 97926]: set_on_printer_connected_fn
[2023-11-30 17:18:08.848439 -05:00] [I] [T 97926]: set_get_country_code_fn
[2023-11-30 17:18:08.848440 -05:00] [I] [T 97926]: set_on_local_connect_fn
[2023-11-30 17:18:08.848451 -05:00] [I] [T 97926]: set_on_message_fn
[2023-11-30 17:18:08.848452 -05:00] [I] [T 97926]: set_on_local_message_fn
[2023-11-30 17:18:08.848452 -05:00] [I] [T 97926]: set_queue_on_main_fn
[2023-11-30 17:18:08.848666 -05:00] [I] [T 97926]: set host to https://api.bambulab.com/v1
[2023-11-30 17:18:08.848666 -05:00] [I] [T 97926]: region update iot = https://api.bambulab.com/v1
[2023-11-30 17:18:08.848667 -05:00] [I] [T 97926]: region update api = https://api.bambulab.com/
[2023-11-30 17:18:08.848667 -05:00] [I] [T 97926]: region update mqtt = ssl://us.mqtt.bambulab.com:8883
[2023-11-30 17:18:08.848667 -05:00] [I] [T 97926]: region update tutk = US
[2023-11-30 17:18:08.848667 -05:00] [I] [T 97926]: region update base domain = bambulab.com
[2023-11-30 17:18:08.848668 -05:00] [I] [T 97926]: region update environment = 
[2023-11-30 17:18:08.848668 -05:00] [I] [T 97926]: region update wifi_code = US
[2023-11-30 17:18:08.848668 -05:00] [I] [T 97926]: region update design = https://bambulab.com
[2023-11-30 17:18:08.848669 -05:00] [I] [T 97926]: Agent: load_config
[2023-11-30 17:18:08.849315 -05:00] [I] [T 97926]: load_user_info
[2023-11-30 17:18:08.849321 -05:00] [I] [T 97926]: save_user_info
[2023-11-30 17:18:08.849323 -05:00] [I] [T 97926]: Agent: save_config
[2023-11-30 17:18:11.445151 -05:00] [I] [T 97926]: set_on_http_error_fn
[2023-11-30 17:18:11.445157 -05:00] [I] [T 97926]: ssdp: stop()
[2023-11-30 17:18:11.445233 -05:00] [I] [T 97926]: Network Interface List: 2
[2023-11-30 17:18:11.479868 -05:00] [I] [T 97926]: connect_cloud_mqtt
[2023-11-30 17:18:11.480630 -05:00] [I] [T 97926]: connect_cloud_mqtt
[2023-11-30 17:18:11.480632 -05:00] [I] [T 97926]: mqtt_cli is exists!
[2023-11-30 17:18:11.480645 -05:00] [E] [T 97926]: bambu_network_connect_server , connect_server returned error:-1
[2023-11-30 17:18:11.866746 -05:00] [I] [T 98267]: cloud_conn_callback::on_success, Connection(mqtt) OK! cli id= slicer:244513175:ba5b
[2023-11-30 17:18:11.866788 -05:00] [I] [T 98267]: cloud_conn_callback::on_success, Connection(mqtt) OK! cli id= slicer:244513175:ba5b
[2023-11-30 17:18:11.866791 -05:00] [I] [T 98267]: cloud_conn_callback::connected!
[2023-11-30 17:18:11.866865 -05:00] [I] [T 97926]: set monitor machine = 
[2023-11-30 17:18:11.866870 -05:00] [I] [T 97926]: Agent: save_config
[2023-11-30 17:18:11.867191 -05:00] [I] [T 97926]: set monitor machine = 
[2023-11-30 17:18:11.867192 -05:00] [I] [T 97926]: Agent: save_config
[2023-11-30 17:18:11.867605 -05:00] [I] [T 97926]: set monitor machine = 
[2023-11-30 17:18:11.867606 -05:00] [I] [T 97926]: Agent: save_config
[2023-11-30 17:18:13.306392 -05:00] [I] [T 98019]: error = , body = {"message":"setting name conflict: My Generic PLA - Copy","code":12,"error":"IOT_ERROR_RESOURCE_CONFLICT","setting_id":"PF65603855175076706","update_time":null}, code = 409
[2023-11-30 17:22:11.788794 -05:00] [I] [T 97926]: Agent: save_config
