[2023-11-18 13:25:36.877779 -05:00] [I] [T 646196]: init log
[2023-11-18 13:25:36.877787 -05:00] [I] [T 646196]: Version: 01.07.07.07
[2023-11-18 13:25:36.877790 -05:00] [I] [T 646196]: Agent: set_cert_dir_name, dir=/Applications/OrcaSlicer.app/Contents/Resources/cert, name=slicer_base64.cer
[2023-11-18 13:25:36.877813 -05:00] [I] [T 646196]: set_on_server_connected_fn
[2023-11-18 13:25:36.877814 -05:00] [I] [T 646196]: set_on_printer_connected_fn
[2023-11-18 13:25:36.877815 -05:00] [I] [T 646196]: set_get_country_code_fn
[2023-11-18 13:25:36.877816 -05:00] [I] [T 646196]: set_on_local_connect_fn
[2023-11-18 13:25:36.877817 -05:00] [I] [T 646196]: set_on_message_fn
[2023-11-18 13:25:36.877817 -05:00] [I] [T 646196]: set_on_local_message_fn
[2023-11-18 13:25:36.877818 -05:00] [I] [T 646196]: set_queue_on_main_fn
[2023-11-18 13:25:36.877824 -05:00] [I] [T 646196]: set host to https://api.bambulab.com/v1
[2023-11-18 13:25:36.877825 -05:00] [I] [T 646196]: region update iot = https://api.bambulab.com/v1
[2023-11-18 13:25:36.877825 -05:00] [I] [T 646196]: region update api = https://api.bambulab.com/
[2023-11-18 13:25:36.877825 -05:00] [I] [T 646196]: region update mqtt = ssl://us.mqtt.bambulab.com:8883
[2023-11-18 13:25:36.877825 -05:00] [I] [T 646196]: region update tutk = US
[2023-11-18 13:25:36.877826 -05:00] [I] [T 646196]: region update base domain = bambulab.com
[2023-11-18 13:25:36.877826 -05:00] [I] [T 646196]: region update environment = 
[2023-11-18 13:25:36.877826 -05:00] [I] [T 646196]: region update wifi_code = US
[2023-11-18 13:25:36.877826 -05:00] [I] [T 646196]: region update design = https://bambulab.com
[2023-11-18 13:25:36.877827 -05:00] [I] [T 646196]: Agent: load_config
[2023-11-18 13:25:36.877887 -05:00] [I] [T 646196]: load_user_info
[2023-11-18 13:25:36.877892 -05:00] [I] [T 646196]: save_user_info
[2023-11-18 13:25:36.877893 -05:00] [I] [T 646196]: Agent: save_config
[2023-11-18 13:25:39.545887 -05:00] [I] [T 646196]: set_on_http_error_fn
[2023-11-18 13:25:39.545893 -05:00] [I] [T 646196]: ssdp: stop()
[2023-11-18 13:25:39.545963 -05:00] [I] [T 646196]: Network Interface List: 2
[2023-11-18 13:25:39.578193 -05:00] [I] [T 646196]: connect_cloud_mqtt
[2023-11-18 13:25:39.578643 -05:00] [I] [T 646196]: connect_cloud_mqtt
[2023-11-18 13:25:39.578644 -05:00] [I] [T 646196]: mqtt_cli is exists!
[2023-11-18 13:25:39.578647 -05:00] [E] [T 646196]: bambu_network_connect_server , connect_server returned error:-1
[2023-11-18 13:25:39.890269 -05:00] [I] [T 646614]: cloud_conn_callback::on_success, Connection(mqtt) OK! cli id= slicer:244513175:a22c
[2023-11-18 13:25:39.890303 -05:00] [I] [T 646614]: cloud_conn_callback::on_success, Connection(mqtt) OK! cli id= slicer:244513175:a22c
[2023-11-18 13:25:39.890306 -05:00] [I] [T 646614]: cloud_conn_callback::connected!
[2023-11-18 13:25:39.890389 -05:00] [I] [T 646196]: set monitor machine = 
[2023-11-18 13:25:39.890391 -05:00] [I] [T 646196]: Agent: save_config
[2023-11-18 13:25:39.890701 -05:00] [I] [T 646196]: set monitor machine = 
[2023-11-18 13:25:39.890702 -05:00] [I] [T 646196]: Agent: save_config
[2023-11-18 13:25:39.891195 -05:00] [I] [T 646196]: set monitor machine = 
[2023-11-18 13:25:39.891196 -05:00] [I] [T 646196]: Agent: save_config
[2023-11-18 13:25:41.097291 -05:00] [I] [T 646293]: error = , body = {"message":"setting name conflict: My Generic PLA - Copy","code":12,"error":"IOT_ERROR_RESOURCE_CONFLICT","setting_id":"PF65603855175076706","update_time":null}, code = 409
[2023-11-18 13:29:32.282619 -05:00] [I] [T 646293]: put setting success!
[2023-11-18 13:29:36.389656 -05:00] [I] [T 646293]: put setting success!
[2023-11-18 13:40:36.708053 -05:00] [I] [T 646196]: stop_subscribe, machine = , module = app
[2023-11-18 13:42:53.129853 -05:00] [I] [T 646293]: put setting success!
[2023-11-18 13:44:11.975565 -05:00] [I] [T 646196]: Agent: save_config
