[2023-11-17 19:05:56.969721 -05:00] [I] [T 60600]: init log
[2023-11-17 19:05:56.969728 -05:00] [I] [T 60600]: Version: 01.07.07.07
[2023-11-17 19:05:56.969730 -05:00] [I] [T 60600]: Agent: set_cert_dir_name, dir=/Applications/OrcaSlicer.app/Contents/Resources/cert, name=slicer_base64.cer
[2023-11-17 19:05:56.969771 -05:00] [I] [T 60600]: set_on_server_connected_fn
[2023-11-17 19:05:56.969772 -05:00] [I] [T 60600]: set_on_printer_connected_fn
[2023-11-17 19:05:56.969773 -05:00] [I] [T 60600]: set_get_country_code_fn
[2023-11-17 19:05:56.969774 -05:00] [I] [T 60600]: set_on_local_connect_fn
[2023-11-17 19:05:56.969785 -05:00] [I] [T 60600]: set_on_message_fn
[2023-11-17 19:05:56.969785 -05:00] [I] [T 60600]: set_on_local_message_fn
[2023-11-17 19:05:56.969786 -05:00] [I] [T 60600]: set_queue_on_main_fn
[2023-11-17 19:05:56.969791 -05:00] [I] [T 60600]: set host to https://api.bambulab.com/v1
[2023-11-17 19:05:56.969792 -05:00] [I] [T 60600]: region update iot = https://api.bambulab.com/v1
[2023-11-17 19:05:56.969792 -05:00] [I] [T 60600]: region update api = https://api.bambulab.com/
[2023-11-17 19:05:56.969792 -05:00] [I] [T 60600]: region update mqtt = ssl://us.mqtt.bambulab.com:8883
[2023-11-17 19:05:56.969793 -05:00] [I] [T 60600]: region update tutk = US
[2023-11-17 19:05:56.969793 -05:00] [I] [T 60600]: region update base domain = bambulab.com
[2023-11-17 19:05:56.969793 -05:00] [I] [T 60600]: region update environment = 
[2023-11-17 19:05:56.969794 -05:00] [I] [T 60600]: region update wifi_code = US
[2023-11-17 19:05:56.969794 -05:00] [I] [T 60600]: region update design = https://bambulab.com
[2023-11-17 19:05:56.969794 -05:00] [I] [T 60600]: Agent: load_config
[2023-11-17 19:05:56.969862 -05:00] [I] [T 60600]: load_user_info
[2023-11-17 19:05:56.969866 -05:00] [I] [T 60600]: save_user_info
[2023-11-17 19:05:56.969868 -05:00] [I] [T 60600]: Agent: save_config
[2023-11-17 19:05:59.375212 -05:00] [I] [T 60600]: set_on_http_error_fn
[2023-11-17 19:05:59.375218 -05:00] [I] [T 60600]: ssdp: stop()
[2023-11-17 19:05:59.375277 -05:00] [I] [T 60600]: Network Interface List: 2
[2023-11-17 19:05:59.404742 -05:00] [I] [T 60600]: connect_cloud_mqtt
[2023-11-17 19:05:59.405196 -05:00] [I] [T 60600]: connect_cloud_mqtt
[2023-11-17 19:05:59.405197 -05:00] [I] [T 60600]: mqtt_cli is exists!
[2023-11-17 19:05:59.405200 -05:00] [E] [T 60600]: bambu_network_connect_server , connect_server returned error:-1
[2023-11-17 19:05:59.835148 -05:00] [I] [T 61008]: cloud_conn_callback::on_success, Connection(mqtt) OK! cli id= slicer:244513175:6db2
[2023-11-17 19:05:59.835211 -05:00] [I] [T 61008]: cloud_conn_callback::on_success, Connection(mqtt) OK! cli id= slicer:244513175:6db2
[2023-11-17 19:05:59.835216 -05:00] [I] [T 61008]: cloud_conn_callback::connected!
[2023-11-17 19:05:59.835298 -05:00] [I] [T 60600]: set monitor machine = 
[2023-11-17 19:05:59.835303 -05:00] [I] [T 60600]: Agent: save_config
[2023-11-17 19:05:59.835855 -05:00] [I] [T 60600]: set monitor machine = 
[2023-11-17 19:05:59.835856 -05:00] [I] [T 60600]: Agent: save_config
[2023-11-17 19:05:59.836710 -05:00] [I] [T 60600]: set monitor machine = 
[2023-11-17 19:05:59.836712 -05:00] [I] [T 60600]: Agent: save_config
[2023-11-17 19:06:01.316691 -05:00] [I] [T 60703]: error = , body = {"message":"setting name conflict: My Generic PLA - Copy","code":12,"error":"IOT_ERROR_RESOURCE_CONFLICT","setting_id":"PF65603855175076706","update_time":null}, code = 409
[2023-11-17 19:12:52.921696 -05:00] [I] [T 60703]: put setting success!
[2023-11-17 19:20:56.800895 -05:00] [I] [T 60600]: stop_subscribe, machine = , module = app
[2023-11-17 19:28:33.065728 -05:00] [I] [T 60703]: put setting success!
[2023-11-17 19:29:20.682240 -05:00] [I] [T 60703]: put setting success!
[2023-11-17 19:35:54.489534 -05:00] [I] [T 60703]: put setting success!
[2023-11-17 19:36:20.409428 -05:00] [I] [T 60703]: put setting success!
[2023-11-17 20:59:44.896295 -05:00] [I] [T 60600]: Agent: save_config
