[2023-11-27 11:12:54.151661 -05:00] [I] [T 966067]: init log
[2023-11-27 11:12:54.151687 -05:00] [I] [T 966067]: Version: 01.07.07.07
[2023-11-27 11:12:54.151699 -05:00] [I] [T 966067]: Agent: set_cert_dir_name, dir=/Applications/OrcaSlicer.app/Contents/Resources/cert, name=slicer_base64.cer
[2023-11-27 11:12:54.151779 -05:00] [I] [T 966067]: set_on_server_connected_fn
[2023-11-27 11:12:54.151780 -05:00] [I] [T 966067]: set_on_printer_connected_fn
[2023-11-27 11:12:54.151781 -05:00] [I] [T 966067]: set_get_country_code_fn
[2023-11-27 11:12:54.151781 -05:00] [I] [T 966067]: set_on_local_connect_fn
[2023-11-27 11:12:54.151792 -05:00] [I] [T 966067]: set_on_message_fn
[2023-11-27 11:12:54.151793 -05:00] [I] [T 966067]: set_on_local_message_fn
[2023-11-27 11:12:54.151793 -05:00] [I] [T 966067]: set_queue_on_main_fn
[2023-11-27 11:12:54.152007 -05:00] [I] [T 966067]: set host to https://api.bambulab.com/v1
[2023-11-27 11:12:54.152007 -05:00] [I] [T 966067]: region update iot = https://api.bambulab.com/v1
[2023-11-27 11:12:54.152008 -05:00] [I] [T 966067]: region update api = https://api.bambulab.com/
[2023-11-27 11:12:54.152008 -05:00] [I] [T 966067]: region update mqtt = ssl://us.mqtt.bambulab.com:8883
[2023-11-27 11:12:54.152008 -05:00] [I] [T 966067]: region update tutk = US
[2023-11-27 11:12:54.152009 -05:00] [I] [T 966067]: region update base domain = bambulab.com
[2023-11-27 11:12:54.152009 -05:00] [I] [T 966067]: region update environment = 
[2023-11-27 11:12:54.152009 -05:00] [I] [T 966067]: region update wifi_code = US
[2023-11-27 11:12:54.152009 -05:00] [I] [T 966067]: region update design = https://bambulab.com
[2023-11-27 11:12:54.152010 -05:00] [I] [T 966067]: Agent: load_config
[2023-11-27 11:12:54.152622 -05:00] [I] [T 966067]: load_user_info
[2023-11-27 11:12:54.152626 -05:00] [I] [T 966067]: save_user_info
[2023-11-27 11:12:54.152628 -05:00] [I] [T 966067]: Agent: save_config
[2023-11-27 11:12:56.718311 -05:00] [I] [T 966067]: set_on_http_error_fn
[2023-11-27 11:12:56.718317 -05:00] [I] [T 966067]: ssdp: stop()
[2023-11-27 11:12:56.718398 -05:00] [I] [T 966067]: Network Interface List: 2
[2023-11-27 11:12:56.746070 -05:00] [I] [T 966067]: connect_cloud_mqtt
[2023-11-27 11:12:56.746867 -05:00] [I] [T 966067]: connect_cloud_mqtt
[2023-11-27 11:12:56.746868 -05:00] [I] [T 966067]: mqtt_cli is exists!
[2023-11-27 11:12:56.746882 -05:00] [E] [T 966067]: bambu_network_connect_server , connect_server returned error:-1
[2023-11-27 11:12:57.389523 -05:00] [I] [T 966338]: cloud_conn_callback::on_success, Connection(mqtt) OK! cli id= slicer:244513175:79d6
[2023-11-27 11:12:57.389576 -05:00] [I] [T 966338]: cloud_conn_callback::on_success, Connection(mqtt) OK! cli id= slicer:244513175:79d6
[2023-11-27 11:12:57.389580 -05:00] [I] [T 966338]: cloud_conn_callback::connected!
[2023-11-27 11:12:57.389704 -05:00] [I] [T 966067]: set monitor machine = 
[2023-11-27 11:12:57.389708 -05:00] [I] [T 966067]: Agent: save_config
[2023-11-27 11:12:57.390042 -05:00] [I] [T 966067]: set monitor machine = 
[2023-11-27 11:12:57.390043 -05:00] [I] [T 966067]: Agent: save_config
[2023-11-27 11:12:57.390565 -05:00] [I] [T 966067]: set monitor machine = 
[2023-11-27 11:12:57.390567 -05:00] [I] [T 966067]: Agent: save_config
[2023-11-27 11:13:00.038108 -05:00] [I] [T 966112]: put setting success!
[2023-11-27 11:13:00.189114 -05:00] [I] [T 966112]: error = , body = {"message":"setting name conflict: My Generic PLA - Copy","code":12,"error":"IOT_ERROR_RESOURCE_CONFLICT","setting_id":"PF65603855175076706","update_time":null}, code = 409
[2023-11-27 11:27:53.947099 -05:00] [I] [T 966067]: stop_subscribe, machine = , module = app
[2023-11-27 12:23:41.781281 -05:00] [I] [T 966067]: Agent: save_config
