[2023-11-17 13:53:02.183406 -05:00] [I] [T 84319]: init log
[2023-11-17 13:53:02.183412 -05:00] [I] [T 84319]: Version: 01.07.07.07
[2023-11-17 13:53:02.183415 -05:00] [I] [T 84319]: Agent: set_cert_dir_name, dir=/Users/pato/Documents/GitHub/OrcaSlicer/build_arm64/OrcaSlicer/OrcaSlicer.app/Contents/Resources/cert, name=slicer_base64.cer
[2023-11-17 13:53:02.183456 -05:00] [I] [T 84319]: set_on_server_connected_fn
[2023-11-17 13:53:02.183457 -05:00] [I] [T 84319]: set_on_printer_connected_fn
[2023-11-17 13:53:02.183457 -05:00] [I] [T 84319]: set_get_country_code_fn
[2023-11-17 13:53:02.183459 -05:00] [I] [T 84319]: set_on_local_connect_fn
[2023-11-17 13:53:02.183459 -05:00] [I] [T 84319]: set_on_message_fn
[2023-11-17 13:53:02.183459 -05:00] [I] [T 84319]: set_on_local_message_fn
[2023-11-17 13:53:02.183460 -05:00] [I] [T 84319]: set_queue_on_main_fn
[2023-11-17 13:53:02.183466 -05:00] [I] [T 84319]: set host to https://api.bambulab.com/v1
[2023-11-17 13:53:02.183467 -05:00] [I] [T 84319]: region update iot = https://api.bambulab.com/v1
[2023-11-17 13:53:02.183467 -05:00] [I] [T 84319]: region update api = https://api.bambulab.com/
[2023-11-17 13:53:02.183467 -05:00] [I] [T 84319]: region update mqtt = ssl://us.mqtt.bambulab.com:8883
[2023-11-17 13:53:02.183467 -05:00] [I] [T 84319]: region update tutk = US
[2023-11-17 13:53:02.183468 -05:00] [I] [T 84319]: region update base domain = bambulab.com
[2023-11-17 13:53:02.183468 -05:00] [I] [T 84319]: region update environment = 
[2023-11-17 13:53:02.183468 -05:00] [I] [T 84319]: region update wifi_code = US
[2023-11-17 13:53:02.183468 -05:00] [I] [T 84319]: region update design = https://bambulab.com
[2023-11-17 13:53:02.183469 -05:00] [I] [T 84319]: Agent: load_config
[2023-11-17 13:53:02.183544 -05:00] [I] [T 84319]: load_user_info
[2023-11-17 13:53:02.183548 -05:00] [I] [T 84319]: save_user_info
[2023-11-17 13:53:02.183550 -05:00] [I] [T 84319]: Agent: save_config
[2023-11-17 13:53:04.580183 -05:00] [I] [T 84319]: set_on_http_error_fn
[2023-11-17 13:53:04.580189 -05:00] [I] [T 84319]: ssdp: stop()
[2023-11-17 13:53:04.580246 -05:00] [I] [T 84319]: Network Interface List: 2
[2023-11-17 13:53:04.612293 -05:00] [I] [T 84319]: connect_cloud_mqtt
[2023-11-17 13:53:04.612814 -05:00] [I] [T 84319]: connect_cloud_mqtt
[2023-11-17 13:53:04.612816 -05:00] [I] [T 84319]: mqtt_cli is exists!
[2023-11-17 13:53:04.612820 -05:00] [E] [T 84319]: bambu_network_connect_server , connect_server returned error:-1
[2023-11-17 13:53:05.118093 -05:00] [I] [T 84605]: cloud_conn_callback::on_success, Connection(mqtt) OK! cli id= slicer:244513175:2073
[2023-11-17 13:53:05.118163 -05:00] [I] [T 84605]: cloud_conn_callback::on_success, Connection(mqtt) OK! cli id= slicer:244513175:2073
[2023-11-17 13:53:05.118166 -05:00] [I] [T 84605]: cloud_conn_callback::connected!
[2023-11-17 13:53:05.118570 -05:00] [I] [T 84319]: set monitor machine = 
[2023-11-17 13:53:05.118577 -05:00] [I] [T 84319]: Agent: save_config
[2023-11-17 13:53:05.119127 -05:00] [I] [T 84319]: set monitor machine = 
[2023-11-17 13:53:05.119129 -05:00] [I] [T 84319]: Agent: save_config
[2023-11-17 13:53:05.119853 -05:00] [I] [T 84319]: set monitor machine = 
[2023-11-17 13:53:05.119855 -05:00] [I] [T 84319]: Agent: save_config
[2023-11-17 13:53:06.189600 -05:00] [I] [T 84374]: error = , body = {"message":"setting name conflict: My Generic PLA - Copy","code":12,"error":"IOT_ERROR_RESOURCE_CONFLICT","setting_id":"PF65603855175076706","update_time":null}, code = 409
[2023-11-17 13:53:15.665925 -05:00] [I] [T 84319]: Agent: save_config
