[2023-11-29 05:52:39.807009 -05:00] [I] [T 856039]: init log
[2023-11-29 05:52:39.807016 -05:00] [I] [T 856039]: Version: 01.07.07.07
[2023-11-29 05:52:39.807018 -05:00] [I] [T 856039]: Agent: set_cert_dir_name, dir=/Applications/OrcaSlicer.app/Contents/Resources/cert, name=slicer_base64.cer
[2023-11-29 05:52:39.807043 -05:00] [I] [T 856039]: set_on_server_connected_fn
[2023-11-29 05:52:39.807044 -05:00] [I] [T 856039]: set_on_printer_connected_fn
[2023-11-29 05:52:39.807045 -05:00] [I] [T 856039]: set_get_country_code_fn
[2023-11-29 05:52:39.807046 -05:00] [I] [T 856039]: set_on_local_connect_fn
[2023-11-29 05:52:39.807047 -05:00] [I] [T 856039]: set_on_message_fn
[2023-11-29 05:52:39.807048 -05:00] [I] [T 856039]: set_on_local_message_fn
[2023-11-29 05:52:39.807048 -05:00] [I] [T 856039]: set_queue_on_main_fn
[2023-11-29 05:52:39.807054 -05:00] [I] [T 856039]: set host to https://api.bambulab.com/v1
[2023-11-29 05:52:39.807055 -05:00] [I] [T 856039]: region update iot = https://api.bambulab.com/v1
[2023-11-29 05:52:39.807055 -05:00] [I] [T 856039]: region update api = https://api.bambulab.com/
[2023-11-29 05:52:39.807055 -05:00] [I] [T 856039]: region update mqtt = ssl://us.mqtt.bambulab.com:8883
[2023-11-29 05:52:39.807056 -05:00] [I] [T 856039]: region update tutk = US
[2023-11-29 05:52:39.807056 -05:00] [I] [T 856039]: region update base domain = bambulab.com
[2023-11-29 05:52:39.807056 -05:00] [I] [T 856039]: region update environment = 
[2023-11-29 05:52:39.807056 -05:00] [I] [T 856039]: region update wifi_code = US
[2023-11-29 05:52:39.807057 -05:00] [I] [T 856039]: region update design = https://bambulab.com
[2023-11-29 05:52:39.807057 -05:00] [I] [T 856039]: Agent: load_config
[2023-11-29 05:52:39.807500 -05:00] [I] [T 856039]: load_user_info
[2023-11-29 05:52:39.807506 -05:00] [I] [T 856039]: save_user_info
[2023-11-29 05:52:39.807508 -05:00] [I] [T 856039]: Agent: save_config
[2023-11-29 05:52:42.403269 -05:00] [I] [T 856039]: set_on_http_error_fn
[2023-11-29 05:52:42.403274 -05:00] [I] [T 856039]: ssdp: stop()
[2023-11-29 05:52:42.403341 -05:00] [I] [T 856039]: Network Interface List: 2
[2023-11-29 05:52:42.437444 -05:00] [I] [T 856039]: connect_cloud_mqtt
[2023-11-29 05:52:42.437873 -05:00] [I] [T 856039]: connect_cloud_mqtt
[2023-11-29 05:52:42.437875 -05:00] [I] [T 856039]: mqtt_cli is exists!
[2023-11-29 05:52:42.437878 -05:00] [E] [T 856039]: bambu_network_connect_server , connect_server returned error:-1
[2023-11-29 05:52:42.876990 -05:00] [I] [T 856335]: cloud_conn_callback::on_success, Connection(mqtt) OK! cli id= slicer:244513175:34c7
[2023-11-29 05:52:42.877031 -05:00] [I] [T 856335]: cloud_conn_callback::on_success, Connection(mqtt) OK! cli id= slicer:244513175:34c7
[2023-11-29 05:52:42.877034 -05:00] [I] [T 856335]: cloud_conn_callback::connected!
[2023-11-29 05:52:42.877113 -05:00] [I] [T 856039]: set monitor machine = 
[2023-11-29 05:52:42.877117 -05:00] [I] [T 856039]: Agent: save_config
[2023-11-29 05:52:42.877474 -05:00] [I] [T 856039]: set monitor machine = 
[2023-11-29 05:52:42.877475 -05:00] [I] [T 856039]: Agent: save_config
[2023-11-29 05:52:42.878081 -05:00] [I] [T 856039]: set monitor machine = 
[2023-11-29 05:52:42.878083 -05:00] [I] [T 856039]: Agent: save_config
[2023-11-29 05:52:44.107697 -05:00] [I] [T 856084]: error = , body = {"message":"setting name conflict: My Generic PLA - Copy","code":12,"error":"IOT_ERROR_RESOURCE_CONFLICT","setting_id":"PF65603855175076706","update_time":null}, code = 409
[2023-11-29 06:07:36.625795 -05:00] [I] [T 856039]: Agent: save_config
